[debug] [2018-10-22T14:53:41.765Z] ----------------------------------------------------------------------
[debug] [2018-10-22T14:53:41.768Z] Command:       /usr/local/bin/node /usr/local/bin/firebase deploy --only functions --debug
[debug] [2018-10-22T14:53:41.768Z] CLI Version:   5.1.1
[debug] [2018-10-22T14:53:41.768Z] Platform:      darwin
[debug] [2018-10-22T14:53:41.768Z] Node Version:  v10.4.1
[debug] [2018-10-22T14:53:41.769Z] Time:          Mon Oct 22 2018 11:53:41 GMT-0300 (GMT-03:00)
[debug] [2018-10-22T14:53:41.770Z] ----------------------------------------------------------------------
[debug] 
[debug] [2018-10-22T14:53:41.781Z] > command requires scopes: ["email","openid","https://www.googleapis.com/auth/cloudplatformprojects.readonly","https://www.googleapis.com/auth/firebase","https://www.googleapis.com/auth/cloud-platform"]
[debug] [2018-10-22T14:53:41.781Z] > authorizing via signed-in user
[debug] [2018-10-22T14:53:41.781Z] [iam] checking project dctb-mario-plan for permissions ["cloudfunctions.functions.create","cloudfunctions.functions.delete","cloudfunctions.functions.get","cloudfunctions.functions.list","cloudfunctions.functions.update","cloudfunctions.operations.get","firebase.projects.get"]
[debug] [2018-10-22T14:53:41.783Z] > refreshing access token with scopes: ["email","https://www.googleapis.com/auth/cloud-platform","https://www.googleapis.com/auth/cloudplatformprojects.readonly","https://www.googleapis.com/auth/firebase","openid"]
[debug] [2018-10-22T14:53:41.783Z] >>> HTTP REQUEST POST https://www.googleapis.com/oauth2/v3/token  
 <request body omitted>
[debug] [2018-10-22T14:53:42.023Z] <<< HTTP RESPONSE 200
[debug] [2018-10-22T14:53:42.062Z] >>> HTTP REQUEST POST https://cloudresourcemanager.googleapis.com/v1/projects/dctb-mario-plan:testIamPermissions  

[debug] [2018-10-22T14:53:42.373Z] <<< HTTP RESPONSE 200
[info] 
[info] === Deploying to 'dctb-mario-plan'...
[info] 
[info] i  deploying functions
[debug] [2018-10-22T14:53:43.818Z] > [functions] package.json contents: {
  "name": "functions",
  "description": "Cloud Functions for Firebase",
  "scripts": {
    "serve": "firebase serve --only functions",
    "shell": "firebase functions:shell",
    "start": "npm run shell",
    "deploy": "firebase deploy --only functions",
    "logs": "firebase functions:log"
  },
  "dependencies": {
    "axios": "^0.18.0",
    "cors": "^2.8.4",
    "firebase-admin": "~6.0.0",
    "firebase-functions": "^2.0.3",
    "nodemailer": "^4.6.8"
  },
  "private": true
}
[info] i  functions: ensuring necessary APIs are enabled...
[debug] [2018-10-22T14:53:43.819Z] >>> HTTP REQUEST GET https://servicemanagement.googleapis.com/v1/services/cloudfunctions.googleapis.com/projectSettings/dctb-mario-plan?view=CONSUMER_VIEW  
 
[debug] [2018-10-22T14:53:43.820Z] >>> HTTP REQUEST GET https://servicemanagement.googleapis.com/v1/services/runtimeconfig.googleapis.com/projectSettings/dctb-mario-plan?view=CONSUMER_VIEW  
 
[debug] [2018-10-22T14:53:45.286Z] <<< HTTP RESPONSE 200
[info] ✔  functions: all necessary APIs are enabled
[debug] [2018-10-22T14:53:45.360Z] <<< HTTP RESPONSE 200
[debug] [2018-10-22T14:53:45.361Z] >>> HTTP REQUEST GET https://cloudresourcemanager.googleapis.com/v1/projects/dctb-mario-plan  
 
[debug] [2018-10-22T14:53:46.305Z] <<< HTTP RESPONSE 200
[debug] [2018-10-22T14:53:46.305Z] >>> HTTP REQUEST GET https://mobilesdk-pa.googleapis.com/v1/projects/501287811246:getServerAppConfig  
 
[debug] [2018-10-22T14:53:46.800Z] <<< HTTP RESPONSE 200
[info] i  functions: preparing functions directory for uploading...
[debug] [2018-10-22T14:53:46.802Z] >>> HTTP REQUEST GET https://runtimeconfig.googleapis.com/v1beta1/projects/dctb-mario-plan/configs  
 
[debug] [2018-10-22T14:53:47.196Z] <<< HTTP RESPONSE 200
[info] i  functions: packaged functions (41.68 KB) for uploading
[debug] [2018-10-22T14:53:47.419Z] >>> HTTP REQUEST POST https://cloudfunctions.googleapis.com/v1/projects/dctb-mario-plan/locations/us-central1/functions:generateUploadUrl  
 
[debug] [2018-10-22T14:53:48.858Z] <<< HTTP RESPONSE 200
[debug] [2018-10-22T14:53:48.859Z] >>> HTTP REQUEST PUT https://storage.googleapis.com/gcf-upload-us-central1-593539bd-dcd8-42b6-be0c-febf67258d4a/91742cc6-22d9-4898-86c1-ed60cbff69a7.zip?GoogleAccessId=service-501287811246@gcf-admin-robot.iam.gserviceaccount.com&Expires=1540221828&Signature=CcUtcBsjanc00I3P0GSxb7Njv7kp40GMMit06Na3KCOZqH%2BPLXs%2BmMHBwq908kHHAMsZoQ5S%2Fo%2BMEgp6wyqM%2Bsu6rytrMhNJeg9VWe7SQOadDp1KAYtNl%2BqzjwLLNr75HGE9JWmfGdD%2FHvRoYYqtMQCOSSSTUxlyXZ%2FUcEcbHWP7RJ5Pd0naMwmGgLAS6jLBIAv4hCPmC8oPlEZlAhumgZ0A6xvwdgY8jFKouRCmxQ%2BXti3Okt2Az2kNhfuAp6zBdgFVwrLEv5zgpYbQfA%2F7MCVSLyMpd2NBoRoa26SoK4uWNFTCauMX%2FOP2qIe%2B6KVA4OBexcppFT66%2BYfqGj7V%2FQ%3D%3D  

[debug] [2018-10-22T14:53:50.388Z] <<< HTTP RESPONSE 200
[info] ✔  functions: functions folder uploaded successfully
[debug] [2018-10-22T14:53:50.391Z] >>> HTTP REQUEST GET https://cloudfunctions.googleapis.com/v1/projects/dctb-mario-plan/locations/-/functions  
 
[debug] [2018-10-22T14:53:51.782Z] <<< HTTP RESPONSE 200
[info] i  functions: updating Node.js 6 function projectCreated(us-central1)...
[debug] [2018-10-22T14:53:51.785Z] Trigger is:  {"eventTrigger":{"resource":"projects/dctb-mario-plan/databases/(default)/documents/projects/{projectId}","eventType":"providers/cloud.firestore/eventTypes/document.create","service":"firestore.googleapis.com"}}
[info] i  functions: updating Node.js 6 function userJoined(us-central1)...
[debug] [2018-10-22T14:53:51.785Z] Trigger is:  {"eventTrigger":{"resource":"projects/dctb-mario-plan","eventType":"providers/firebase.auth/eventTypes/user.create","service":"firebaseauth.googleapis.com"}}
[info] i  functions: updating Node.js 6 function sendTestMail(us-central1)...
[debug] [2018-10-22T14:53:51.786Z] Trigger is:  {"httpsTrigger":{}}
[info] i  functions: updating Node.js 6 function axiosTest(us-central1)...
[debug] [2018-10-22T14:53:51.786Z] Trigger is:  {"httpsTrigger":{}}
[debug] [2018-10-22T14:53:51.797Z] >>> HTTP REQUEST PATCH https://cloudfunctions.googleapis.com/v1/projects/dctb-mario-plan/locations/us-central1/functions/projectCreated {"updateMask":"sourceUploadUrl,name,labels,eventTrigger.resource,eventTrigger.eventType,eventTrigger.service"} 

[debug] [2018-10-22T14:53:51.798Z] >>> HTTP REQUEST PATCH https://cloudfunctions.googleapis.com/v1/projects/dctb-mario-plan/locations/us-central1/functions/userJoined {"updateMask":"sourceUploadUrl,name,labels,eventTrigger.resource,eventTrigger.eventType,eventTrigger.service"} 

[debug] [2018-10-22T14:53:51.809Z] >>> HTTP REQUEST PATCH https://cloudfunctions.googleapis.com/v1/projects/dctb-mario-plan/locations/us-central1/functions/sendTestMail {"updateMask":"sourceUploadUrl,name,labels,httpsTrigger"} 

[debug] [2018-10-22T14:53:51.809Z] >>> HTTP REQUEST PATCH https://cloudfunctions.googleapis.com/v1/projects/dctb-mario-plan/locations/us-central1/functions/axiosTest {"updateMask":"sourceUploadUrl,name,labels,httpsTrigger"} 

[debug] [2018-10-22T14:53:53.248Z] <<< HTTP RESPONSE 200
[debug] [2018-10-22T14:53:53.251Z] <<< HTTP RESPONSE 200
[debug] [2018-10-22T14:53:53.252Z] <<< HTTP RESPONSE 200
[debug] [2018-10-22T14:53:53.261Z] <<< HTTP RESPONSE 200
[debug] [2018-10-22T14:53:53.264Z] >>> HTTP REQUEST GET https://cloudfunctions.googleapis.com/v1/projects/dctb-mario-plan/locations/-/functions  
 
[debug] [2018-10-22T14:53:53.951Z] <<< HTTP RESPONSE 200
[debug] [2018-10-22T14:53:53.952Z] >>> HTTP REQUEST GET https://cloudfunctions.googleapis.com/v1/operations/ZGN0Yi1tYXJpby1wbGFuL3VzLWNlbnRyYWwxL3Byb2plY3RDcmVhdGVkL2QxMXJGUlk5bExv  
 
[debug] [2018-10-22T14:53:53.953Z] >>> HTTP REQUEST GET https://cloudfunctions.googleapis.com/v1/operations/ZGN0Yi1tYXJpby1wbGFuL3VzLWNlbnRyYWwxL3VzZXJKb2luZWQvT3RnZEU3S2dEMnc  
 
[debug] [2018-10-22T14:53:53.953Z] >>> HTTP REQUEST GET https://cloudfunctions.googleapis.com/v1/operations/ZGN0Yi1tYXJpby1wbGFuL3VzLWNlbnRyYWwxL3NlbmRUZXN0TWFpbC9qalVGZWpWdDl4aw  
 
[debug] [2018-10-22T14:53:53.954Z] >>> HTTP REQUEST GET https://cloudfunctions.googleapis.com/v1/operations/ZGN0Yi1tYXJpby1wbGFuL3VzLWNlbnRyYWwxL2F4aW9zVGVzdC9lbHB5dTJURmNCWQ  
 
[debug] [2018-10-22T14:53:54.281Z] <<< HTTP RESPONSE 200
[debug] [2018-10-22T14:53:54.283Z] <<< HTTP RESPONSE 200
[debug] [2018-10-22T14:53:55.179Z] <<< HTTP RESPONSE 200
[debug] [2018-10-22T14:53:55.179Z] <<< HTTP RESPONSE 200
[debug] [2018-10-22T14:53:56.288Z] >>> HTTP REQUEST GET https://cloudfunctions.googleapis.com/v1/operations/ZGN0Yi1tYXJpby1wbGFuL3VzLWNlbnRyYWwxL2F4aW9zVGVzdC9lbHB5dTJURmNCWQ  
 
[debug] [2018-10-22T14:53:56.289Z] >>> HTTP REQUEST GET https://cloudfunctions.googleapis.com/v1/operations/ZGN0Yi1tYXJpby1wbGFuL3VzLWNlbnRyYWwxL3Byb2plY3RDcmVhdGVkL2QxMXJGUlk5bExv  
 
[debug] [2018-10-22T14:53:57.181Z] >>> HTTP REQUEST GET https://cloudfunctions.googleapis.com/v1/operations/ZGN0Yi1tYXJpby1wbGFuL3VzLWNlbnRyYWwxL3VzZXJKb2luZWQvT3RnZEU3S2dEMnc  
 
[debug] [2018-10-22T14:53:57.182Z] >>> HTTP REQUEST GET https://cloudfunctions.googleapis.com/v1/operations/ZGN0Yi1tYXJpby1wbGFuL3VzLWNlbnRyYWwxL3NlbmRUZXN0TWFpbC9qalVGZWpWdDl4aw  
 
[debug] [2018-10-22T14:53:57.466Z] <<< HTTP RESPONSE 200
[debug] [2018-10-22T14:53:57.484Z] <<< HTTP RESPONSE 200
[debug] [2018-10-22T14:53:57.503Z] <<< HTTP RESPONSE 200
[debug] [2018-10-22T14:53:58.541Z] <<< HTTP RESPONSE 200
[debug] [2018-10-22T14:53:59.470Z] >>> HTTP REQUEST GET https://cloudfunctions.googleapis.com/v1/operations/ZGN0Yi1tYXJpby1wbGFuL3VzLWNlbnRyYWwxL3Byb2plY3RDcmVhdGVkL2QxMXJGUlk5bExv  
 
[debug] [2018-10-22T14:53:59.485Z] >>> HTTP REQUEST GET https://cloudfunctions.googleapis.com/v1/operations/ZGN0Yi1tYXJpby1wbGFuL3VzLWNlbnRyYWwxL2F4aW9zVGVzdC9lbHB5dTJURmNCWQ  
 
[debug] [2018-10-22T14:53:59.505Z] >>> HTTP REQUEST GET https://cloudfunctions.googleapis.com/v1/operations/ZGN0Yi1tYXJpby1wbGFuL3VzLWNlbnRyYWwxL3NlbmRUZXN0TWFpbC9qalVGZWpWdDl4aw  
 
[debug] [2018-10-22T14:53:59.814Z] <<< HTTP RESPONSE 200
[debug] [2018-10-22T14:54:00.544Z] >>> HTTP REQUEST GET https://cloudfunctions.googleapis.com/v1/operations/ZGN0Yi1tYXJpby1wbGFuL3VzLWNlbnRyYWwxL3VzZXJKb2luZWQvT3RnZEU3S2dEMnc  
 
[debug] [2018-10-22T14:54:00.679Z] <<< HTTP RESPONSE 200
[debug] [2018-10-22T14:54:00.687Z] <<< HTTP RESPONSE 200
[debug] [2018-10-22T14:54:01.742Z] <<< HTTP RESPONSE 200
[debug] [2018-10-22T14:54:01.820Z] >>> HTTP REQUEST GET https://cloudfunctions.googleapis.com/v1/operations/ZGN0Yi1tYXJpby1wbGFuL3VzLWNlbnRyYWwxL3Byb2plY3RDcmVhdGVkL2QxMXJGUlk5bExv  
 
[debug] [2018-10-22T14:54:02.685Z] >>> HTTP REQUEST GET https://cloudfunctions.googleapis.com/v1/operations/ZGN0Yi1tYXJpby1wbGFuL3VzLWNlbnRyYWwxL3NlbmRUZXN0TWFpbC9qalVGZWpWdDl4aw  
 
[debug] [2018-10-22T14:54:02.688Z] >>> HTTP REQUEST GET https://cloudfunctions.googleapis.com/v1/operations/ZGN0Yi1tYXJpby1wbGFuL3VzLWNlbnRyYWwxL2F4aW9zVGVzdC9lbHB5dTJURmNCWQ  
 
[debug] [2018-10-22T14:54:02.991Z] <<< HTTP RESPONSE 200
[debug] [2018-10-22T14:54:03.041Z] <<< HTTP RESPONSE 200
[debug] [2018-10-22T14:54:03.744Z] >>> HTTP REQUEST GET https://cloudfunctions.googleapis.com/v1/operations/ZGN0Yi1tYXJpby1wbGFuL3VzLWNlbnRyYWwxL3VzZXJKb2luZWQvT3RnZEU3S2dEMnc  
 
[debug] [2018-10-22T14:54:03.886Z] <<< HTTP RESPONSE 200
[debug] [2018-10-22T14:54:04.995Z] >>> HTTP REQUEST GET https://cloudfunctions.googleapis.com/v1/operations/ZGN0Yi1tYXJpby1wbGFuL3VzLWNlbnRyYWwxL3Byb2plY3RDcmVhdGVkL2QxMXJGUlk5bExv  
 
[debug] [2018-10-22T14:54:05.000Z] <<< HTTP RESPONSE 200
[debug] [2018-10-22T14:54:05.045Z] >>> HTTP REQUEST GET https://cloudfunctions.googleapis.com/v1/operations/ZGN0Yi1tYXJpby1wbGFuL3VzLWNlbnRyYWwxL3NlbmRUZXN0TWFpbC9qalVGZWpWdDl4aw  
 
[debug] [2018-10-22T14:54:05.316Z] <<< HTTP RESPONSE 200
[debug] [2018-10-22T14:54:05.369Z] <<< HTTP RESPONSE 200
[debug] [2018-10-22T14:54:05.891Z] >>> HTTP REQUEST GET https://cloudfunctions.googleapis.com/v1/operations/ZGN0Yi1tYXJpby1wbGFuL3VzLWNlbnRyYWwxL2F4aW9zVGVzdC9lbHB5dTJURmNCWQ  
 
[debug] [2018-10-22T14:54:07.002Z] >>> HTTP REQUEST GET https://cloudfunctions.googleapis.com/v1/operations/ZGN0Yi1tYXJpby1wbGFuL3VzLWNlbnRyYWwxL3VzZXJKb2luZWQvT3RnZEU3S2dEMnc  
 
[debug] [2018-10-22T14:54:07.062Z] <<< HTTP RESPONSE 200
[debug] [2018-10-22T14:54:07.322Z] >>> HTTP REQUEST GET https://cloudfunctions.googleapis.com/v1/operations/ZGN0Yi1tYXJpby1wbGFuL3VzLWNlbnRyYWwxL3Byb2plY3RDcmVhdGVkL2QxMXJGUlk5bExv  
 
[debug] [2018-10-22T14:54:07.323Z] <<< HTTP RESPONSE 200
[debug] [2018-10-22T14:54:07.370Z] >>> HTTP REQUEST GET https://cloudfunctions.googleapis.com/v1/operations/ZGN0Yi1tYXJpby1wbGFuL3VzLWNlbnRyYWwxL3NlbmRUZXN0TWFpbC9qalVGZWpWdDl4aw  
 
[debug] [2018-10-22T14:54:08.661Z] <<< HTTP RESPONSE 200
[debug] [2018-10-22T14:54:08.662Z] <<< HTTP RESPONSE 200
[debug] [2018-10-22T14:54:09.064Z] >>> HTTP REQUEST GET https://cloudfunctions.googleapis.com/v1/operations/ZGN0Yi1tYXJpby1wbGFuL3VzLWNlbnRyYWwxL2F4aW9zVGVzdC9lbHB5dTJURmNCWQ  
 
[debug] [2018-10-22T14:54:09.328Z] >>> HTTP REQUEST GET https://cloudfunctions.googleapis.com/v1/operations/ZGN0Yi1tYXJpby1wbGFuL3VzLWNlbnRyYWwxL3VzZXJKb2luZWQvT3RnZEU3S2dEMnc  
 
[debug] [2018-10-22T14:54:10.250Z] <<< HTTP RESPONSE 200
[debug] [2018-10-22T14:54:10.525Z] <<< HTTP RESPONSE 200
[debug] [2018-10-22T14:54:10.662Z] >>> HTTP REQUEST GET https://cloudfunctions.googleapis.com/v1/operations/ZGN0Yi1tYXJpby1wbGFuL3VzLWNlbnRyYWwxL3Byb2plY3RDcmVhdGVkL2QxMXJGUlk5bExv  
 
[debug] [2018-10-22T14:54:10.665Z] >>> HTTP REQUEST GET https://cloudfunctions.googleapis.com/v1/operations/ZGN0Yi1tYXJpby1wbGFuL3VzLWNlbnRyYWwxL3NlbmRUZXN0TWFpbC9qalVGZWpWdDl4aw  
 
[debug] [2018-10-22T14:54:10.959Z] <<< HTTP RESPONSE 200
[debug] [2018-10-22T14:54:11.852Z] <<< HTTP RESPONSE 200
[debug] [2018-10-22T14:54:12.253Z] >>> HTTP REQUEST GET https://cloudfunctions.googleapis.com/v1/operations/ZGN0Yi1tYXJpby1wbGFuL3VzLWNlbnRyYWwxL2F4aW9zVGVzdC9lbHB5dTJURmNCWQ  
 
[debug] [2018-10-22T14:54:12.525Z] >>> HTTP REQUEST GET https://cloudfunctions.googleapis.com/v1/operations/ZGN0Yi1tYXJpby1wbGFuL3VzLWNlbnRyYWwxL3VzZXJKb2luZWQvT3RnZEU3S2dEMnc  
 
[debug] [2018-10-22T14:54:12.576Z] <<< HTTP RESPONSE 200
[debug] [2018-10-22T14:54:12.962Z] >>> HTTP REQUEST GET https://cloudfunctions.googleapis.com/v1/operations/ZGN0Yi1tYXJpby1wbGFuL3VzLWNlbnRyYWwxL3Byb2plY3RDcmVhdGVkL2QxMXJGUlk5bExv  
 
[debug] [2018-10-22T14:54:13.690Z] <<< HTTP RESPONSE 200
[debug] [2018-10-22T14:54:13.855Z] >>> HTTP REQUEST GET https://cloudfunctions.googleapis.com/v1/operations/ZGN0Yi1tYXJpby1wbGFuL3VzLWNlbnRyYWwxL3NlbmRUZXN0TWFpbC9qalVGZWpWdDl4aw  
 
[debug] [2018-10-22T14:54:14.149Z] <<< HTTP RESPONSE 200
[debug] [2018-10-22T14:54:14.576Z] >>> HTTP REQUEST GET https://cloudfunctions.googleapis.com/v1/operations/ZGN0Yi1tYXJpby1wbGFuL3VzLWNlbnRyYWwxL2F4aW9zVGVzdC9lbHB5dTJURmNCWQ  
 
[debug] [2018-10-22T14:54:15.021Z] <<< HTTP RESPONSE 200
[debug] [2018-10-22T14:54:15.695Z] >>> HTTP REQUEST GET https://cloudfunctions.googleapis.com/v1/operations/ZGN0Yi1tYXJpby1wbGFuL3VzLWNlbnRyYWwxL3VzZXJKb2luZWQvT3RnZEU3S2dEMnc  
 
[debug] [2018-10-22T14:54:15.752Z] <<< HTTP RESPONSE 200
[debug] [2018-10-22T14:54:16.006Z] <<< HTTP RESPONSE 200
[debug] [2018-10-22T14:54:16.150Z] >>> HTTP REQUEST GET https://cloudfunctions.googleapis.com/v1/operations/ZGN0Yi1tYXJpby1wbGFuL3VzLWNlbnRyYWwxL3Byb2plY3RDcmVhdGVkL2QxMXJGUlk5bExv  
 
[debug] [2018-10-22T14:54:17.023Z] >>> HTTP REQUEST GET https://cloudfunctions.googleapis.com/v1/operations/ZGN0Yi1tYXJpby1wbGFuL3VzLWNlbnRyYWwxL3NlbmRUZXN0TWFpbC9qalVGZWpWdDl4aw  
 
[debug] [2018-10-22T14:54:17.369Z] <<< HTTP RESPONSE 200
[debug] [2018-10-22T14:54:17.757Z] >>> HTTP REQUEST GET https://cloudfunctions.googleapis.com/v1/operations/ZGN0Yi1tYXJpby1wbGFuL3VzLWNlbnRyYWwxL2F4aW9zVGVzdC9lbHB5dTJURmNCWQ  
 
[debug] [2018-10-22T14:54:18.011Z] >>> HTTP REQUEST GET https://cloudfunctions.googleapis.com/v1/operations/ZGN0Yi1tYXJpby1wbGFuL3VzLWNlbnRyYWwxL3VzZXJKb2luZWQvT3RnZEU3S2dEMnc  
 
[debug] [2018-10-22T14:54:18.221Z] <<< HTTP RESPONSE 200
[debug] [2018-10-22T14:54:19.038Z] <<< HTTP RESPONSE 200
[debug] [2018-10-22T14:54:19.205Z] <<< HTTP RESPONSE 200
[debug] [2018-10-22T14:54:19.374Z] >>> HTTP REQUEST GET https://cloudfunctions.googleapis.com/v1/operations/ZGN0Yi1tYXJpby1wbGFuL3VzLWNlbnRyYWwxL3Byb2plY3RDcmVhdGVkL2QxMXJGUlk5bExv  
 
[debug] [2018-10-22T14:54:20.223Z] >>> HTTP REQUEST GET https://cloudfunctions.googleapis.com/v1/operations/ZGN0Yi1tYXJpby1wbGFuL3VzLWNlbnRyYWwxL3NlbmRUZXN0TWFpbC9qalVGZWpWdDl4aw  
 
[debug] [2018-10-22T14:54:20.562Z] <<< HTTP RESPONSE 200
[debug] [2018-10-22T14:54:21.040Z] >>> HTTP REQUEST GET https://cloudfunctions.googleapis.com/v1/operations/ZGN0Yi1tYXJpby1wbGFuL3VzLWNlbnRyYWwxL2F4aW9zVGVzdC9lbHB5dTJURmNCWQ  
 
[debug] [2018-10-22T14:54:21.207Z] >>> HTTP REQUEST GET https://cloudfunctions.googleapis.com/v1/operations/ZGN0Yi1tYXJpby1wbGFuL3VzLWNlbnRyYWwxL3VzZXJKb2luZWQvT3RnZEU3S2dEMnc  
 
[debug] [2018-10-22T14:54:21.419Z] <<< HTTP RESPONSE 200
[debug] [2018-10-22T14:54:22.252Z] <<< HTTP RESPONSE 200
[debug] [2018-10-22T14:54:22.385Z] <<< HTTP RESPONSE 200
[debug] [2018-10-22T14:54:22.562Z] >>> HTTP REQUEST GET https://cloudfunctions.googleapis.com/v1/operations/ZGN0Yi1tYXJpby1wbGFuL3VzLWNlbnRyYWwxL3Byb2plY3RDcmVhdGVkL2QxMXJGUlk5bExv  
 
[debug] [2018-10-22T14:54:23.423Z] >>> HTTP REQUEST GET https://cloudfunctions.googleapis.com/v1/operations/ZGN0Yi1tYXJpby1wbGFuL3VzLWNlbnRyYWwxL3NlbmRUZXN0TWFpbC9qalVGZWpWdDl4aw  
 
[debug] [2018-10-22T14:54:23.721Z] <<< HTTP RESPONSE 200
[debug] [2018-10-22T14:54:24.256Z] >>> HTTP REQUEST GET https://cloudfunctions.googleapis.com/v1/operations/ZGN0Yi1tYXJpby1wbGFuL3VzLWNlbnRyYWwxL2F4aW9zVGVzdC9lbHB5dTJURmNCWQ  
 
[debug] [2018-10-22T14:54:24.392Z] >>> HTTP REQUEST GET https://cloudfunctions.googleapis.com/v1/operations/ZGN0Yi1tYXJpby1wbGFuL3VzLWNlbnRyYWwxL3VzZXJKb2luZWQvT3RnZEU3S2dEMnc  
 
[debug] [2018-10-22T14:54:24.638Z] <<< HTTP RESPONSE 200
[debug] [2018-10-22T14:54:25.462Z] <<< HTTP RESPONSE 200
[debug] [2018-10-22T14:54:25.574Z] <<< HTTP RESPONSE 200
[debug] [2018-10-22T14:54:25.725Z] >>> HTTP REQUEST GET https://cloudfunctions.googleapis.com/v1/operations/ZGN0Yi1tYXJpby1wbGFuL3VzLWNlbnRyYWwxL3Byb2plY3RDcmVhdGVkL2QxMXJGUlk5bExv  
 
[debug] [2018-10-22T14:54:26.639Z] >>> HTTP REQUEST GET https://cloudfunctions.googleapis.com/v1/operations/ZGN0Yi1tYXJpby1wbGFuL3VzLWNlbnRyYWwxL3NlbmRUZXN0TWFpbC9qalVGZWpWdDl4aw  
 
[debug] [2018-10-22T14:54:26.915Z] <<< HTTP RESPONSE 200
[debug] [2018-10-22T14:54:26.938Z] <<< HTTP RESPONSE 200
[debug] [2018-10-22T14:54:27.468Z] >>> HTTP REQUEST GET https://cloudfunctions.googleapis.com/v1/operations/ZGN0Yi1tYXJpby1wbGFuL3VzLWNlbnRyYWwxL2F4aW9zVGVzdC9lbHB5dTJURmNCWQ  
 
[debug] [2018-10-22T14:54:27.574Z] >>> HTTP REQUEST GET https://cloudfunctions.googleapis.com/v1/operations/ZGN0Yi1tYXJpby1wbGFuL3VzLWNlbnRyYWwxL3VzZXJKb2luZWQvT3RnZEU3S2dEMnc  
 
[debug] [2018-10-22T14:54:27.894Z] <<< HTTP RESPONSE 200
[debug] [2018-10-22T14:54:28.639Z] <<< HTTP RESPONSE 200
[debug] [2018-10-22T14:54:28.918Z] >>> HTTP REQUEST GET https://cloudfunctions.googleapis.com/v1/operations/ZGN0Yi1tYXJpby1wbGFuL3VzLWNlbnRyYWwxL3Byb2plY3RDcmVhdGVkL2QxMXJGUlk5bExv  
 
[debug] [2018-10-22T14:54:28.939Z] >>> HTTP REQUEST GET https://cloudfunctions.googleapis.com/v1/operations/ZGN0Yi1tYXJpby1wbGFuL3VzLWNlbnRyYWwxL3NlbmRUZXN0TWFpbC9qalVGZWpWdDl4aw  
 
[debug] [2018-10-22T14:54:29.245Z] <<< HTTP RESPONSE 200
[debug] [2018-10-22T14:54:29.898Z] >>> HTTP REQUEST GET https://cloudfunctions.googleapis.com/v1/operations/ZGN0Yi1tYXJpby1wbGFuL3VzLWNlbnRyYWwxL3VzZXJKb2luZWQvT3RnZEU3S2dEMnc  
 
[debug] [2018-10-22T14:54:30.108Z] <<< HTTP RESPONSE 200
[debug] [2018-10-22T14:54:30.640Z] >>> HTTP REQUEST GET https://cloudfunctions.googleapis.com/v1/operations/ZGN0Yi1tYXJpby1wbGFuL3VzLWNlbnRyYWwxL2F4aW9zVGVzdC9lbHB5dTJURmNCWQ  
 
[debug] [2018-10-22T14:54:30.956Z] <<< HTTP RESPONSE 200
[debug] [2018-10-22T14:54:31.073Z] <<< HTTP RESPONSE 200
[debug] [2018-10-22T14:54:31.245Z] >>> HTTP REQUEST GET https://cloudfunctions.googleapis.com/v1/operations/ZGN0Yi1tYXJpby1wbGFuL3VzLWNlbnRyYWwxL3NlbmRUZXN0TWFpbC9qalVGZWpWdDl4aw  
 
[debug] [2018-10-22T14:54:32.112Z] >>> HTTP REQUEST GET https://cloudfunctions.googleapis.com/v1/operations/ZGN0Yi1tYXJpby1wbGFuL3VzLWNlbnRyYWwxL3Byb2plY3RDcmVhdGVkL2QxMXJGUlk5bExv  
 
[debug] [2018-10-22T14:54:32.407Z] <<< HTTP RESPONSE 200
[debug] [2018-10-22T14:54:32.959Z] >>> HTTP REQUEST GET https://cloudfunctions.googleapis.com/v1/operations/ZGN0Yi1tYXJpby1wbGFuL3VzLWNlbnRyYWwxL2F4aW9zVGVzdC9lbHB5dTJURmNCWQ  
 
[debug] [2018-10-22T14:54:33.074Z] >>> HTTP REQUEST GET https://cloudfunctions.googleapis.com/v1/operations/ZGN0Yi1tYXJpby1wbGFuL3VzLWNlbnRyYWwxL3VzZXJKb2luZWQvT3RnZEU3S2dEMnc  
 
[debug] [2018-10-22T14:54:33.292Z] <<< HTTP RESPONSE 200
[debug] [2018-10-22T14:54:33.528Z] <<< HTTP RESPONSE 200
[debug] [2018-10-22T14:54:34.256Z] <<< HTTP RESPONSE 200
[debug] [2018-10-22T14:54:34.410Z] >>> HTTP REQUEST GET https://cloudfunctions.googleapis.com/v1/operations/ZGN0Yi1tYXJpby1wbGFuL3VzLWNlbnRyYWwxL3NlbmRUZXN0TWFpbC9qalVGZWpWdDl4aw  
 
[debug] [2018-10-22T14:54:35.295Z] >>> HTTP REQUEST GET https://cloudfunctions.googleapis.com/v1/operations/ZGN0Yi1tYXJpby1wbGFuL3VzLWNlbnRyYWwxL3Byb2plY3RDcmVhdGVkL2QxMXJGUlk5bExv  
 
[debug] [2018-10-22T14:54:35.529Z] >>> HTTP REQUEST GET https://cloudfunctions.googleapis.com/v1/operations/ZGN0Yi1tYXJpby1wbGFuL3VzLWNlbnRyYWwxL3VzZXJKb2luZWQvT3RnZEU3S2dEMnc  
 
[debug] [2018-10-22T14:54:35.569Z] <<< HTTP RESPONSE 200
[debug] [2018-10-22T14:54:36.257Z] >>> HTTP REQUEST GET https://cloudfunctions.googleapis.com/v1/operations/ZGN0Yi1tYXJpby1wbGFuL3VzLWNlbnRyYWwxL2F4aW9zVGVzdC9lbHB5dTJURmNCWQ  
 
[debug] [2018-10-22T14:54:36.470Z] <<< HTTP RESPONSE 200
[debug] [2018-10-22T14:54:36.700Z] <<< HTTP RESPONSE 200
[debug] [2018-10-22T14:54:37.507Z] <<< HTTP RESPONSE 200
[debug] [2018-10-22T14:54:37.573Z] >>> HTTP REQUEST GET https://cloudfunctions.googleapis.com/v1/operations/ZGN0Yi1tYXJpby1wbGFuL3VzLWNlbnRyYWwxL3NlbmRUZXN0TWFpbC9qalVGZWpWdDl4aw  
 
[debug] [2018-10-22T14:54:38.474Z] >>> HTTP REQUEST GET https://cloudfunctions.googleapis.com/v1/operations/ZGN0Yi1tYXJpby1wbGFuL3VzLWNlbnRyYWwxL3Byb2plY3RDcmVhdGVkL2QxMXJGUlk5bExv  
 
[debug] [2018-10-22T14:54:38.706Z] >>> HTTP REQUEST GET https://cloudfunctions.googleapis.com/v1/operations/ZGN0Yi1tYXJpby1wbGFuL3VzLWNlbnRyYWwxL3VzZXJKb2luZWQvT3RnZEU3S2dEMnc  
 
[debug] [2018-10-22T14:54:38.755Z] <<< HTTP RESPONSE 200
[debug] [2018-10-22T14:54:39.507Z] >>> HTTP REQUEST GET https://cloudfunctions.googleapis.com/v1/operations/ZGN0Yi1tYXJpby1wbGFuL3VzLWNlbnRyYWwxL2F4aW9zVGVzdC9lbHB5dTJURmNCWQ  
 
[debug] [2018-10-22T14:54:39.657Z] <<< HTTP RESPONSE 200
[debug] [2018-10-22T14:54:39.990Z] <<< HTTP RESPONSE 200
[debug] [2018-10-22T14:54:40.684Z] <<< HTTP RESPONSE 200
[debug] [2018-10-22T14:54:40.756Z] >>> HTTP REQUEST GET https://cloudfunctions.googleapis.com/v1/operations/ZGN0Yi1tYXJpby1wbGFuL3VzLWNlbnRyYWwxL3NlbmRUZXN0TWFpbC9qalVGZWpWdDl4aw  
 
[debug] [2018-10-22T14:54:41.662Z] >>> HTTP REQUEST GET https://cloudfunctions.googleapis.com/v1/operations/ZGN0Yi1tYXJpby1wbGFuL3VzLWNlbnRyYWwxL3Byb2plY3RDcmVhdGVkL2QxMXJGUlk5bExv  
 
[debug] [2018-10-22T14:54:41.962Z] <<< HTTP RESPONSE 200
[debug] [2018-10-22T14:54:41.995Z] >>> HTTP REQUEST GET https://cloudfunctions.googleapis.com/v1/operations/ZGN0Yi1tYXJpby1wbGFuL3VzLWNlbnRyYWwxL3VzZXJKb2luZWQvT3RnZEU3S2dEMnc  
 
[debug] [2018-10-22T14:54:42.687Z] >>> HTTP REQUEST GET https://cloudfunctions.googleapis.com/v1/operations/ZGN0Yi1tYXJpby1wbGFuL3VzLWNlbnRyYWwxL2F4aW9zVGVzdC9lbHB5dTJURmNCWQ  
 
[debug] [2018-10-22T14:54:42.872Z] <<< HTTP RESPONSE 200
[debug] [2018-10-22T14:54:43.218Z] <<< HTTP RESPONSE 200
[debug] [2018-10-22T14:54:43.922Z] <<< HTTP RESPONSE 200
[debug] [2018-10-22T14:54:43.966Z] >>> HTTP REQUEST GET https://cloudfunctions.googleapis.com/v1/operations/ZGN0Yi1tYXJpby1wbGFuL3VzLWNlbnRyYWwxL3NlbmRUZXN0TWFpbC9qalVGZWpWdDl4aw  
 
[debug] [2018-10-22T14:54:44.873Z] >>> HTTP REQUEST GET https://cloudfunctions.googleapis.com/v1/operations/ZGN0Yi1tYXJpby1wbGFuL3VzLWNlbnRyYWwxL3Byb2plY3RDcmVhdGVkL2QxMXJGUlk5bExv  
 
[debug] [2018-10-22T14:54:45.135Z] <<< HTTP RESPONSE 200
[debug] [2018-10-22T14:54:45.224Z] >>> HTTP REQUEST GET https://cloudfunctions.googleapis.com/v1/operations/ZGN0Yi1tYXJpby1wbGFuL3VzLWNlbnRyYWwxL3VzZXJKb2luZWQvT3RnZEU3S2dEMnc  
 
[debug] [2018-10-22T14:54:45.926Z] >>> HTTP REQUEST GET https://cloudfunctions.googleapis.com/v1/operations/ZGN0Yi1tYXJpby1wbGFuL3VzLWNlbnRyYWwxL2F4aW9zVGVzdC9lbHB5dTJURmNCWQ  
 
[debug] [2018-10-22T14:54:46.091Z] <<< HTTP RESPONSE 200
[debug] [2018-10-22T14:54:46.588Z] <<< HTTP RESPONSE 200
[debug] [2018-10-22T14:54:47.126Z] <<< HTTP RESPONSE 200
[debug] [2018-10-22T14:54:47.138Z] >>> HTTP REQUEST GET https://cloudfunctions.googleapis.com/v1/operations/ZGN0Yi1tYXJpby1wbGFuL3VzLWNlbnRyYWwxL3NlbmRUZXN0TWFpbC9qalVGZWpWdDl4aw  
 
[debug] [2018-10-22T14:54:47.448Z] <<< HTTP RESPONSE 200
[debug] [2018-10-22T14:54:48.096Z] >>> HTTP REQUEST GET https://cloudfunctions.googleapis.com/v1/operations/ZGN0Yi1tYXJpby1wbGFuL3VzLWNlbnRyYWwxL3Byb2plY3RDcmVhdGVkL2QxMXJGUlk5bExv  
 
[debug] [2018-10-22T14:54:48.589Z] >>> HTTP REQUEST GET https://cloudfunctions.googleapis.com/v1/operations/ZGN0Yi1tYXJpby1wbGFuL3VzLWNlbnRyYWwxL3VzZXJKb2luZWQvT3RnZEU3S2dEMnc  
 
[debug] [2018-10-22T14:54:49.128Z] >>> HTTP REQUEST GET https://cloudfunctions.googleapis.com/v1/operations/ZGN0Yi1tYXJpby1wbGFuL3VzLWNlbnRyYWwxL2F4aW9zVGVzdC9lbHB5dTJURmNCWQ  
 
[debug] [2018-10-22T14:54:49.260Z] <<< HTTP RESPONSE 200
[debug] [2018-10-22T14:54:49.449Z] >>> HTTP REQUEST GET https://cloudfunctions.googleapis.com/v1/operations/ZGN0Yi1tYXJpby1wbGFuL3VzLWNlbnRyYWwxL3NlbmRUZXN0TWFpbC9qalVGZWpWdDl4aw  
 
[debug] [2018-10-22T14:54:49.759Z] <<< HTTP RESPONSE 200
[debug] [2018-10-22T14:54:49.790Z] <<< HTTP RESPONSE 200
[debug] [2018-10-22T14:54:50.321Z] <<< HTTP RESPONSE 200
[debug] [2018-10-22T14:54:51.262Z] >>> HTTP REQUEST GET https://cloudfunctions.googleapis.com/v1/operations/ZGN0Yi1tYXJpby1wbGFuL3VzLWNlbnRyYWwxL3Byb2plY3RDcmVhdGVkL2QxMXJGUlk5bExv  
 
[debug] [2018-10-22T14:54:51.762Z] >>> HTTP REQUEST GET https://cloudfunctions.googleapis.com/v1/operations/ZGN0Yi1tYXJpby1wbGFuL3VzLWNlbnRyYWwxL3NlbmRUZXN0TWFpbC9qalVGZWpWdDl4aw  
 
[debug] [2018-10-22T14:54:51.792Z] >>> HTTP REQUEST GET https://cloudfunctions.googleapis.com/v1/operations/ZGN0Yi1tYXJpby1wbGFuL3VzLWNlbnRyYWwxL3VzZXJKb2luZWQvT3RnZEU3S2dEMnc  
 
[debug] [2018-10-22T14:54:52.322Z] >>> HTTP REQUEST GET https://cloudfunctions.googleapis.com/v1/operations/ZGN0Yi1tYXJpby1wbGFuL3VzLWNlbnRyYWwxL2F4aW9zVGVzdC9lbHB5dTJURmNCWQ  
 
[debug] [2018-10-22T14:54:52.440Z] <<< HTTP RESPONSE 200
[debug] [2018-10-22T14:54:53.240Z] <<< HTTP RESPONSE 200
[debug] [2018-10-22T14:54:53.241Z] <<< HTTP RESPONSE 200
[debug] [2018-10-22T14:54:53.779Z] <<< HTTP RESPONSE 200
[debug] [2018-10-22T14:54:54.445Z] >>> HTTP REQUEST GET https://cloudfunctions.googleapis.com/v1/operations/ZGN0Yi1tYXJpby1wbGFuL3VzLWNlbnRyYWwxL3Byb2plY3RDcmVhdGVkL2QxMXJGUlk5bExv  
 
[debug] [2018-10-22T14:54:55.245Z] >>> HTTP REQUEST GET https://cloudfunctions.googleapis.com/v1/operations/ZGN0Yi1tYXJpby1wbGFuL3VzLWNlbnRyYWwxL3NlbmRUZXN0TWFpbC9qalVGZWpWdDl4aw  
 
[debug] [2018-10-22T14:54:55.246Z] >>> HTTP REQUEST GET https://cloudfunctions.googleapis.com/v1/operations/ZGN0Yi1tYXJpby1wbGFuL3VzLWNlbnRyYWwxL3VzZXJKb2luZWQvT3RnZEU3S2dEMnc  
 
[debug] [2018-10-22T14:54:55.571Z] <<< HTTP RESPONSE 200
[debug] [2018-10-22T14:54:55.640Z] <<< HTTP RESPONSE 200
[debug] [2018-10-22T14:54:55.781Z] >>> HTTP REQUEST GET https://cloudfunctions.googleapis.com/v1/operations/ZGN0Yi1tYXJpby1wbGFuL3VzLWNlbnRyYWwxL2F4aW9zVGVzdC9lbHB5dTJURmNCWQ  
 
[debug] [2018-10-22T14:54:56.094Z] <<< HTTP RESPONSE 200
[debug] [2018-10-22T14:54:56.419Z] <<< HTTP RESPONSE 200
[debug] [2018-10-22T14:54:57.573Z] >>> HTTP REQUEST GET https://cloudfunctions.googleapis.com/v1/operations/ZGN0Yi1tYXJpby1wbGFuL3VzLWNlbnRyYWwxL3VzZXJKb2luZWQvT3RnZEU3S2dEMnc  
 
[debug] [2018-10-22T14:54:57.643Z] >>> HTTP REQUEST GET https://cloudfunctions.googleapis.com/v1/operations/ZGN0Yi1tYXJpby1wbGFuL3VzLWNlbnRyYWwxL3Byb2plY3RDcmVhdGVkL2QxMXJGUlk5bExv  
 
[debug] [2018-10-22T14:54:57.941Z] <<< HTTP RESPONSE 200
[debug] [2018-10-22T14:54:58.095Z] >>> HTTP REQUEST GET https://cloudfunctions.googleapis.com/v1/operations/ZGN0Yi1tYXJpby1wbGFuL3VzLWNlbnRyYWwxL2F4aW9zVGVzdC9lbHB5dTJURmNCWQ  
 
[debug] [2018-10-22T14:54:58.422Z] >>> HTTP REQUEST GET https://cloudfunctions.googleapis.com/v1/operations/ZGN0Yi1tYXJpby1wbGFuL3VzLWNlbnRyYWwxL3NlbmRUZXN0TWFpbC9qalVGZWpWdDl4aw  
 
[debug] [2018-10-22T14:54:58.804Z] <<< HTTP RESPONSE 200
[debug] [2018-10-22T14:54:59.345Z] <<< HTTP RESPONSE 200
[debug] [2018-10-22T14:54:59.617Z] <<< HTTP RESPONSE 200
[debug] [2018-10-22T14:54:59.944Z] >>> HTTP REQUEST GET https://cloudfunctions.googleapis.com/v1/operations/ZGN0Yi1tYXJpby1wbGFuL3VzLWNlbnRyYWwxL3Byb2plY3RDcmVhdGVkL2QxMXJGUlk5bExv  
 
[debug] [2018-10-22T14:55:00.807Z] >>> HTTP REQUEST GET https://cloudfunctions.googleapis.com/v1/operations/ZGN0Yi1tYXJpby1wbGFuL3VzLWNlbnRyYWwxL3VzZXJKb2luZWQvT3RnZEU3S2dEMnc  
 
[debug] [2018-10-22T14:55:01.100Z] <<< HTTP RESPONSE 200
[debug] [2018-10-22T14:55:01.137Z] <<< HTTP RESPONSE 200
[debug] [2018-10-22T14:55:01.345Z] >>> HTTP REQUEST GET https://cloudfunctions.googleapis.com/v1/operations/ZGN0Yi1tYXJpby1wbGFuL3VzLWNlbnRyYWwxL2F4aW9zVGVzdC9lbHB5dTJURmNCWQ  
 
[debug] [2018-10-22T14:55:01.621Z] >>> HTTP REQUEST GET https://cloudfunctions.googleapis.com/v1/operations/ZGN0Yi1tYXJpby1wbGFuL3VzLWNlbnRyYWwxL3NlbmRUZXN0TWFpbC9qalVGZWpWdDl4aw  
 
[debug] [2018-10-22T14:55:02.048Z] <<< HTTP RESPONSE 200
[debug] [2018-10-22T14:55:02.661Z] <<< HTTP RESPONSE 200
[debug] [2018-10-22T14:55:03.101Z] >>> HTTP REQUEST GET https://cloudfunctions.googleapis.com/v1/operations/ZGN0Yi1tYXJpby1wbGFuL3VzLWNlbnRyYWwxL3VzZXJKb2luZWQvT3RnZEU3S2dEMnc  
 
[debug] [2018-10-22T14:55:03.137Z] >>> HTTP REQUEST GET https://cloudfunctions.googleapis.com/v1/operations/ZGN0Yi1tYXJpby1wbGFuL3VzLWNlbnRyYWwxL3Byb2plY3RDcmVhdGVkL2QxMXJGUlk5bExv  
 
[debug] [2018-10-22T14:55:03.446Z] <<< HTTP RESPONSE 200
[debug] [2018-10-22T14:55:04.049Z] >>> HTTP REQUEST GET https://cloudfunctions.googleapis.com/v1/operations/ZGN0Yi1tYXJpby1wbGFuL3VzLWNlbnRyYWwxL3NlbmRUZXN0TWFpbC9qalVGZWpWdDl4aw  
 
[debug] [2018-10-22T14:55:04.265Z] <<< HTTP RESPONSE 200
[debug] [2018-10-22T14:55:04.351Z] <<< HTTP RESPONSE 200
[debug] [2018-10-22T14:55:04.661Z] >>> HTTP REQUEST GET https://cloudfunctions.googleapis.com/v1/operations/ZGN0Yi1tYXJpby1wbGFuL3VzLWNlbnRyYWwxL2F4aW9zVGVzdC9lbHB5dTJURmNCWQ  
 
[debug] [2018-10-22T14:55:05.446Z] >>> HTTP REQUEST GET https://cloudfunctions.googleapis.com/v1/operations/ZGN0Yi1tYXJpby1wbGFuL3VzLWNlbnRyYWwxL3Byb2plY3RDcmVhdGVkL2QxMXJGUlk5bExv  
 
[debug] [2018-10-22T14:55:05.750Z] <<< HTTP RESPONSE 200
[debug] [2018-10-22T14:55:05.824Z] <<< HTTP RESPONSE 200
[debug] [2018-10-22T14:55:06.270Z] >>> HTTP REQUEST GET https://cloudfunctions.googleapis.com/v1/operations/ZGN0Yi1tYXJpby1wbGFuL3VzLWNlbnRyYWwxL3VzZXJKb2luZWQvT3RnZEU3S2dEMnc  
 
[debug] [2018-10-22T14:55:06.352Z] >>> HTTP REQUEST GET https://cloudfunctions.googleapis.com/v1/operations/ZGN0Yi1tYXJpby1wbGFuL3VzLWNlbnRyYWwxL3NlbmRUZXN0TWFpbC9qalVGZWpWdDl4aw  
 
[debug] [2018-10-22T14:55:07.451Z] <<< HTTP RESPONSE 200
[debug] [2018-10-22T14:55:07.541Z] <<< HTTP RESPONSE 200
[debug] [2018-10-22T14:55:07.752Z] >>> HTTP REQUEST GET https://cloudfunctions.googleapis.com/v1/operations/ZGN0Yi1tYXJpby1wbGFuL3VzLWNlbnRyYWwxL3Byb2plY3RDcmVhdGVkL2QxMXJGUlk5bExv  
 
[debug] [2018-10-22T14:55:07.824Z] >>> HTTP REQUEST GET https://cloudfunctions.googleapis.com/v1/operations/ZGN0Yi1tYXJpby1wbGFuL3VzLWNlbnRyYWwxL2F4aW9zVGVzdC9lbHB5dTJURmNCWQ  
 
[debug] [2018-10-22T14:55:08.968Z] <<< HTTP RESPONSE 200
[debug] [2018-10-22T14:55:09.005Z] <<< HTTP RESPONSE 200
[debug] [2018-10-22T14:55:09.452Z] >>> HTTP REQUEST GET https://cloudfunctions.googleapis.com/v1/operations/ZGN0Yi1tYXJpby1wbGFuL3VzLWNlbnRyYWwxL3VzZXJKb2luZWQvT3RnZEU3S2dEMnc  
 
[debug] [2018-10-22T14:55:09.545Z] >>> HTTP REQUEST GET https://cloudfunctions.googleapis.com/v1/operations/ZGN0Yi1tYXJpby1wbGFuL3VzLWNlbnRyYWwxL3NlbmRUZXN0TWFpbC9qalVGZWpWdDl4aw  
 
[debug] [2018-10-22T14:55:10.633Z] <<< HTTP RESPONSE 200
[debug] [2018-10-22T14:55:10.714Z] <<< HTTP RESPONSE 200
[debug] [2018-10-22T14:55:10.970Z] >>> HTTP REQUEST GET https://cloudfunctions.googleapis.com/v1/operations/ZGN0Yi1tYXJpby1wbGFuL3VzLWNlbnRyYWwxL3Byb2plY3RDcmVhdGVkL2QxMXJGUlk5bExv  
 
[debug] [2018-10-22T14:55:11.006Z] >>> HTTP REQUEST GET https://cloudfunctions.googleapis.com/v1/operations/ZGN0Yi1tYXJpby1wbGFuL3VzLWNlbnRyYWwxL2F4aW9zVGVzdC9lbHB5dTJURmNCWQ  
 
[debug] [2018-10-22T14:55:12.165Z] <<< HTTP RESPONSE 200
[debug] [2018-10-22T14:55:12.175Z] <<< HTTP RESPONSE 200
[debug] [2018-10-22T14:55:12.637Z] >>> HTTP REQUEST GET https://cloudfunctions.googleapis.com/v1/operations/ZGN0Yi1tYXJpby1wbGFuL3VzLWNlbnRyYWwxL3VzZXJKb2luZWQvT3RnZEU3S2dEMnc  
 
[debug] [2018-10-22T14:55:12.715Z] >>> HTTP REQUEST GET https://cloudfunctions.googleapis.com/v1/operations/ZGN0Yi1tYXJpby1wbGFuL3VzLWNlbnRyYWwxL3NlbmRUZXN0TWFpbC9qalVGZWpWdDl4aw  
 
[debug] [2018-10-22T14:55:13.820Z] <<< HTTP RESPONSE 200
[debug] [2018-10-22T14:55:13.874Z] <<< HTTP RESPONSE 200
[debug] [2018-10-22T14:55:14.165Z] >>> HTTP REQUEST GET https://cloudfunctions.googleapis.com/v1/operations/ZGN0Yi1tYXJpby1wbGFuL3VzLWNlbnRyYWwxL3Byb2plY3RDcmVhdGVkL2QxMXJGUlk5bExv  
 
[debug] [2018-10-22T14:55:14.177Z] >>> HTTP REQUEST GET https://cloudfunctions.googleapis.com/v1/operations/ZGN0Yi1tYXJpby1wbGFuL3VzLWNlbnRyYWwxL2F4aW9zVGVzdC9lbHB5dTJURmNCWQ  
 
[debug] [2018-10-22T14:55:14.484Z] <<< HTTP RESPONSE 200
[debug] [2018-10-22T14:55:14.485Z] <<< HTTP RESPONSE 200
[debug] [2018-10-22T14:55:15.821Z] >>> HTTP REQUEST GET https://cloudfunctions.googleapis.com/v1/operations/ZGN0Yi1tYXJpby1wbGFuL3VzLWNlbnRyYWwxL3VzZXJKb2luZWQvT3RnZEU3S2dEMnc  
 
[debug] [2018-10-22T14:55:15.875Z] >>> HTTP REQUEST GET https://cloudfunctions.googleapis.com/v1/operations/ZGN0Yi1tYXJpby1wbGFuL3VzLWNlbnRyYWwxL3NlbmRUZXN0TWFpbC9qalVGZWpWdDl4aw  
 
[debug] [2018-10-22T14:55:16.485Z] >>> HTTP REQUEST GET https://cloudfunctions.googleapis.com/v1/operations/ZGN0Yi1tYXJpby1wbGFuL3VzLWNlbnRyYWwxL2F4aW9zVGVzdC9lbHB5dTJURmNCWQ  
 
[debug] [2018-10-22T14:55:16.486Z] >>> HTTP REQUEST GET https://cloudfunctions.googleapis.com/v1/operations/ZGN0Yi1tYXJpby1wbGFuL3VzLWNlbnRyYWwxL3Byb2plY3RDcmVhdGVkL2QxMXJGUlk5bExv  
 
[debug] [2018-10-22T14:55:16.807Z] <<< HTTP RESPONSE 200
[debug] [2018-10-22T14:55:16.969Z] <<< HTTP RESPONSE 200
[debug] [2018-10-22T14:55:17.039Z] <<< HTTP RESPONSE 200
[debug] [2018-10-22T14:55:17.682Z] <<< HTTP RESPONSE 200
[debug] [2018-10-22T14:55:18.810Z] >>> HTTP REQUEST GET https://cloudfunctions.googleapis.com/v1/operations/ZGN0Yi1tYXJpby1wbGFuL3VzLWNlbnRyYWwxL2F4aW9zVGVzdC9lbHB5dTJURmNCWQ  
 
[debug] [2018-10-22T14:55:18.971Z] >>> HTTP REQUEST GET https://cloudfunctions.googleapis.com/v1/operations/ZGN0Yi1tYXJpby1wbGFuL3VzLWNlbnRyYWwxL3VzZXJKb2luZWQvT3RnZEU3S2dEMnc  
 
[debug] [2018-10-22T14:55:19.040Z] >>> HTTP REQUEST GET https://cloudfunctions.googleapis.com/v1/operations/ZGN0Yi1tYXJpby1wbGFuL3VzLWNlbnRyYWwxL3NlbmRUZXN0TWFpbC9qalVGZWpWdDl4aw  
 
[debug] [2018-10-22T14:55:19.687Z] >>> HTTP REQUEST GET https://cloudfunctions.googleapis.com/v1/operations/ZGN0Yi1tYXJpby1wbGFuL3VzLWNlbnRyYWwxL3Byb2plY3RDcmVhdGVkL2QxMXJGUlk5bExv  
 
[debug] [2018-10-22T14:55:20.171Z] <<< HTTP RESPONSE 200
[debug] [2018-10-22T14:55:20.188Z] <<< HTTP RESPONSE 200
[debug] [2018-10-22T14:55:20.204Z] <<< HTTP RESPONSE 200
[debug] [2018-10-22T14:55:20.880Z] <<< HTTP RESPONSE 200
[debug] [2018-10-22T14:55:22.172Z] >>> HTTP REQUEST GET https://cloudfunctions.googleapis.com/v1/operations/ZGN0Yi1tYXJpby1wbGFuL3VzLWNlbnRyYWwxL2F4aW9zVGVzdC9lbHB5dTJURmNCWQ  
 
[debug] [2018-10-22T14:55:22.189Z] >>> HTTP REQUEST GET https://cloudfunctions.googleapis.com/v1/operations/ZGN0Yi1tYXJpby1wbGFuL3VzLWNlbnRyYWwxL3VzZXJKb2luZWQvT3RnZEU3S2dEMnc  
 
[debug] [2018-10-22T14:55:22.206Z] >>> HTTP REQUEST GET https://cloudfunctions.googleapis.com/v1/operations/ZGN0Yi1tYXJpby1wbGFuL3VzLWNlbnRyYWwxL3NlbmRUZXN0TWFpbC9qalVGZWpWdDl4aw  
 
[debug] [2018-10-22T14:55:22.530Z] <<< HTTP RESPONSE 200
[debug] [2018-10-22T14:55:22.885Z] >>> HTTP REQUEST GET https://cloudfunctions.googleapis.com/v1/operations/ZGN0Yi1tYXJpby1wbGFuL3VzLWNlbnRyYWwxL3Byb2plY3RDcmVhdGVkL2QxMXJGUlk5bExv  
 
[debug] [2018-10-22T14:55:23.360Z] <<< HTTP RESPONSE 200
[debug] [2018-10-22T14:55:23.430Z] <<< HTTP RESPONSE 200
[debug] [2018-10-22T14:55:24.068Z] <<< HTTP RESPONSE 200
[debug] [2018-10-22T14:55:24.531Z] >>> HTTP REQUEST GET https://cloudfunctions.googleapis.com/v1/operations/ZGN0Yi1tYXJpby1wbGFuL3VzLWNlbnRyYWwxL3NlbmRUZXN0TWFpbC9qalVGZWpWdDl4aw  
 
[debug] [2018-10-22T14:55:25.362Z] >>> HTTP REQUEST GET https://cloudfunctions.googleapis.com/v1/operations/ZGN0Yi1tYXJpby1wbGFuL3VzLWNlbnRyYWwxL2F4aW9zVGVzdC9lbHB5dTJURmNCWQ  
 
[debug] [2018-10-22T14:55:25.431Z] >>> HTTP REQUEST GET https://cloudfunctions.googleapis.com/v1/operations/ZGN0Yi1tYXJpby1wbGFuL3VzLWNlbnRyYWwxL3VzZXJKb2luZWQvT3RnZEU3S2dEMnc  
 
[debug] [2018-10-22T14:55:25.725Z] <<< HTTP RESPONSE 200
[debug] [2018-10-22T14:55:25.749Z] <<< HTTP RESPONSE 200
[debug] [2018-10-22T14:55:26.072Z] >>> HTTP REQUEST GET https://cloudfunctions.googleapis.com/v1/operations/ZGN0Yi1tYXJpby1wbGFuL3VzLWNlbnRyYWwxL3Byb2plY3RDcmVhdGVkL2QxMXJGUlk5bExv  
 
[debug] [2018-10-22T14:55:26.624Z] <<< HTTP RESPONSE 200
[debug] [2018-10-22T14:55:27.232Z] <<< HTTP RESPONSE 200
[debug] [2018-10-22T14:55:27.730Z] >>> HTTP REQUEST GET https://cloudfunctions.googleapis.com/v1/operations/ZGN0Yi1tYXJpby1wbGFuL3VzLWNlbnRyYWwxL3NlbmRUZXN0TWFpbC9qalVGZWpWdDl4aw  
 
[debug] [2018-10-22T14:55:27.753Z] >>> HTTP REQUEST GET https://cloudfunctions.googleapis.com/v1/operations/ZGN0Yi1tYXJpby1wbGFuL3VzLWNlbnRyYWwxL3VzZXJKb2luZWQvT3RnZEU3S2dEMnc  
 
[debug] [2018-10-22T14:55:28.627Z] >>> HTTP REQUEST GET https://cloudfunctions.googleapis.com/v1/operations/ZGN0Yi1tYXJpby1wbGFuL3VzLWNlbnRyYWwxL2F4aW9zVGVzdC9lbHB5dTJURmNCWQ  
 
[debug] [2018-10-22T14:55:28.898Z] <<< HTTP RESPONSE 200
[debug] [2018-10-22T14:55:28.908Z] <<< HTTP RESPONSE 200
[debug] [2018-10-22T14:55:29.235Z] >>> HTTP REQUEST GET https://cloudfunctions.googleapis.com/v1/operations/ZGN0Yi1tYXJpby1wbGFuL3VzLWNlbnRyYWwxL3Byb2plY3RDcmVhdGVkL2QxMXJGUlk5bExv  
 
[debug] [2018-10-22T14:55:29.799Z] <<< HTTP RESPONSE 200
[debug] [2018-10-22T14:55:30.579Z] <<< HTTP RESPONSE 200
[debug] [2018-10-22T14:55:30.899Z] >>> HTTP REQUEST GET https://cloudfunctions.googleapis.com/v1/operations/ZGN0Yi1tYXJpby1wbGFuL3VzLWNlbnRyYWwxL3VzZXJKb2luZWQvT3RnZEU3S2dEMnc  
 
[debug] [2018-10-22T14:55:30.910Z] >>> HTTP REQUEST GET https://cloudfunctions.googleapis.com/v1/operations/ZGN0Yi1tYXJpby1wbGFuL3VzLWNlbnRyYWwxL3NlbmRUZXN0TWFpbC9qalVGZWpWdDl4aw  
 
[debug] [2018-10-22T14:55:31.804Z] >>> HTTP REQUEST GET https://cloudfunctions.googleapis.com/v1/operations/ZGN0Yi1tYXJpby1wbGFuL3VzLWNlbnRyYWwxL2F4aW9zVGVzdC9lbHB5dTJURmNCWQ  
 
[debug] [2018-10-22T14:55:32.084Z] <<< HTTP RESPONSE 200
[debug] [2018-10-22T14:55:32.106Z] <<< HTTP RESPONSE 200
[debug] [2018-10-22T14:55:32.583Z] >>> HTTP REQUEST GET https://cloudfunctions.googleapis.com/v1/operations/ZGN0Yi1tYXJpby1wbGFuL3VzLWNlbnRyYWwxL3Byb2plY3RDcmVhdGVkL2QxMXJGUlk5bExv  
 
[debug] [2018-10-22T14:55:33.176Z] <<< HTTP RESPONSE 200
[debug] [2018-10-22T14:55:33.748Z] <<< HTTP RESPONSE 200
[debug] [2018-10-22T14:55:34.087Z] >>> HTTP REQUEST GET https://cloudfunctions.googleapis.com/v1/operations/ZGN0Yi1tYXJpby1wbGFuL3VzLWNlbnRyYWwxL3NlbmRUZXN0TWFpbC9qalVGZWpWdDl4aw  
 
[debug] [2018-10-22T14:55:34.107Z] >>> HTTP REQUEST GET https://cloudfunctions.googleapis.com/v1/operations/ZGN0Yi1tYXJpby1wbGFuL3VzLWNlbnRyYWwxL3VzZXJKb2luZWQvT3RnZEU3S2dEMnc  
 
[debug] [2018-10-22T14:55:35.179Z] >>> HTTP REQUEST GET https://cloudfunctions.googleapis.com/v1/operations/ZGN0Yi1tYXJpby1wbGFuL3VzLWNlbnRyYWwxL2F4aW9zVGVzdC9lbHB5dTJURmNCWQ  
 
[debug] [2018-10-22T14:55:35.273Z] <<< HTTP RESPONSE 200
[debug] [2018-10-22T14:55:35.302Z] <<< HTTP RESPONSE 200
[debug] [2018-10-22T14:55:35.754Z] >>> HTTP REQUEST GET https://cloudfunctions.googleapis.com/v1/operations/ZGN0Yi1tYXJpby1wbGFuL3VzLWNlbnRyYWwxL3Byb2plY3RDcmVhdGVkL2QxMXJGUlk5bExv  
 
[debug] [2018-10-22T14:55:36.387Z] <<< HTTP RESPONSE 200
[debug] [2018-10-22T14:55:36.967Z] <<< HTTP RESPONSE 200
[debug] [2018-10-22T14:55:37.276Z] >>> HTTP REQUEST GET https://cloudfunctions.googleapis.com/v1/operations/ZGN0Yi1tYXJpby1wbGFuL3VzLWNlbnRyYWwxL3NlbmRUZXN0TWFpbC9qalVGZWpWdDl4aw  
 
[debug] [2018-10-22T14:55:37.303Z] >>> HTTP REQUEST GET https://cloudfunctions.googleapis.com/v1/operations/ZGN0Yi1tYXJpby1wbGFuL3VzLWNlbnRyYWwxL3VzZXJKb2luZWQvT3RnZEU3S2dEMnc  
 
[debug] [2018-10-22T14:55:37.608Z] <<< HTTP RESPONSE 200
[debug] [2018-10-22T14:55:38.394Z] >>> HTTP REQUEST GET https://cloudfunctions.googleapis.com/v1/operations/ZGN0Yi1tYXJpby1wbGFuL3VzLWNlbnRyYWwxL2F4aW9zVGVzdC9lbHB5dTJURmNCWQ  
 
[debug] [2018-10-22T14:55:38.450Z] <<< HTTP RESPONSE 200
[debug] [2018-10-22T14:55:38.810Z] <<< HTTP RESPONSE 200
[debug] [2018-10-22T14:55:38.971Z] >>> HTTP REQUEST GET https://cloudfunctions.googleapis.com/v1/operations/ZGN0Yi1tYXJpby1wbGFuL3VzLWNlbnRyYWwxL3Byb2plY3RDcmVhdGVkL2QxMXJGUlk5bExv  
 
[debug] [2018-10-22T14:55:39.610Z] >>> HTTP REQUEST GET https://cloudfunctions.googleapis.com/v1/operations/ZGN0Yi1tYXJpby1wbGFuL3VzLWNlbnRyYWwxL3VzZXJKb2luZWQvT3RnZEU3S2dEMnc  
 
[debug] [2018-10-22T14:55:40.244Z] <<< HTTP RESPONSE 200
[debug] [2018-10-22T14:55:40.454Z] >>> HTTP REQUEST GET https://cloudfunctions.googleapis.com/v1/operations/ZGN0Yi1tYXJpby1wbGFuL3VzLWNlbnRyYWwxL3NlbmRUZXN0TWFpbC9qalVGZWpWdDl4aw  
 
[debug] [2018-10-22T14:55:40.763Z] <<< HTTP RESPONSE 200
[debug] [2018-10-22T14:55:40.811Z] >>> HTTP REQUEST GET https://cloudfunctions.googleapis.com/v1/operations/ZGN0Yi1tYXJpby1wbGFuL3VzLWNlbnRyYWwxL2F4aW9zVGVzdC9lbHB5dTJURmNCWQ  
 
[debug] [2018-10-22T14:55:40.813Z] <<< HTTP RESPONSE 200
[debug] [2018-10-22T14:55:41.999Z] <<< HTTP RESPONSE 200
[debug] [2018-10-22T14:55:42.245Z] >>> HTTP REQUEST GET https://cloudfunctions.googleapis.com/v1/operations/ZGN0Yi1tYXJpby1wbGFuL3VzLWNlbnRyYWwxL3Byb2plY3RDcmVhdGVkL2QxMXJGUlk5bExv  
 
[debug] [2018-10-22T14:55:42.768Z] >>> HTTP REQUEST GET https://cloudfunctions.googleapis.com/v1/operations/ZGN0Yi1tYXJpby1wbGFuL3VzLWNlbnRyYWwxL3NlbmRUZXN0TWFpbC9qalVGZWpWdDl4aw  
 
[debug] [2018-10-22T14:55:42.814Z] >>> HTTP REQUEST GET https://cloudfunctions.googleapis.com/v1/operations/ZGN0Yi1tYXJpby1wbGFuL3VzLWNlbnRyYWwxL3VzZXJKb2luZWQvT3RnZEU3S2dEMnc  
 
[debug] [2018-10-22T14:55:43.108Z] <<< HTTP RESPONSE 200
[debug] [2018-10-22T14:55:43.422Z] <<< HTTP RESPONSE 200
[debug] [2018-10-22T14:55:43.938Z] <<< HTTP RESPONSE 200
[debug] [2018-10-22T14:55:44.005Z] >>> HTTP REQUEST GET https://cloudfunctions.googleapis.com/v1/operations/ZGN0Yi1tYXJpby1wbGFuL3VzLWNlbnRyYWwxL2F4aW9zVGVzdC9lbHB5dTJURmNCWQ  
 
[debug] [2018-10-22T14:55:45.109Z] >>> HTTP REQUEST GET https://cloudfunctions.googleapis.com/v1/operations/ZGN0Yi1tYXJpby1wbGFuL3VzLWNlbnRyYWwxL3VzZXJKb2luZWQvT3RnZEU3S2dEMnc  
 
[debug] [2018-10-22T14:55:45.175Z] <<< HTTP RESPONSE 200
[debug] [2018-10-22T14:55:45.423Z] >>> HTTP REQUEST GET https://cloudfunctions.googleapis.com/v1/operations/ZGN0Yi1tYXJpby1wbGFuL3VzLWNlbnRyYWwxL3Byb2plY3RDcmVhdGVkL2QxMXJGUlk5bExv  
 
[debug] [2018-10-22T14:55:45.743Z] <<< HTTP RESPONSE 200
[debug] [2018-10-22T14:55:45.939Z] >>> HTTP REQUEST GET https://cloudfunctions.googleapis.com/v1/operations/ZGN0Yi1tYXJpby1wbGFuL3VzLWNlbnRyYWwxL3NlbmRUZXN0TWFpbC9qalVGZWpWdDl4aw  
 
[debug] [2018-10-22T14:55:46.387Z] <<< HTTP RESPONSE 200
[debug] [2018-10-22T14:55:47.119Z] <<< HTTP RESPONSE 200
[debug] [2018-10-22T14:55:47.178Z] >>> HTTP REQUEST GET https://cloudfunctions.googleapis.com/v1/operations/ZGN0Yi1tYXJpby1wbGFuL3VzLWNlbnRyYWwxL2F4aW9zVGVzdC9lbHB5dTJURmNCWQ  
 
[debug] [2018-10-22T14:55:47.745Z] >>> HTTP REQUEST GET https://cloudfunctions.googleapis.com/v1/operations/ZGN0Yi1tYXJpby1wbGFuL3VzLWNlbnRyYWwxL3Byb2plY3RDcmVhdGVkL2QxMXJGUlk5bExv  
 
[debug] [2018-10-22T14:55:48.359Z] <<< HTTP RESPONSE 200
[debug] [2018-10-22T14:55:48.392Z] >>> HTTP REQUEST GET https://cloudfunctions.googleapis.com/v1/operations/ZGN0Yi1tYXJpby1wbGFuL3VzLWNlbnRyYWwxL3VzZXJKb2luZWQvT3RnZEU3S2dEMnc  
 
[debug] [2018-10-22T14:55:49.051Z] <<< HTTP RESPONSE 200
[debug] [2018-10-22T14:55:49.120Z] >>> HTTP REQUEST GET https://cloudfunctions.googleapis.com/v1/operations/ZGN0Yi1tYXJpby1wbGFuL3VzLWNlbnRyYWwxL3NlbmRUZXN0TWFpbC9qalVGZWpWdDl4aw  
 
[debug] [2018-10-22T14:55:49.429Z] <<< HTTP RESPONSE 200
[debug] [2018-10-22T14:55:49.561Z] <<< HTTP RESPONSE 200
[debug] [2018-10-22T14:55:50.360Z] >>> HTTP REQUEST GET https://cloudfunctions.googleapis.com/v1/operations/ZGN0Yi1tYXJpby1wbGFuL3VzLWNlbnRyYWwxL2F4aW9zVGVzdC9lbHB5dTJURmNCWQ  
 
[debug] [2018-10-22T14:55:51.055Z] >>> HTTP REQUEST GET https://cloudfunctions.googleapis.com/v1/operations/ZGN0Yi1tYXJpby1wbGFuL3VzLWNlbnRyYWwxL3Byb2plY3RDcmVhdGVkL2QxMXJGUlk5bExv  
 
[debug] [2018-10-22T14:55:51.435Z] >>> HTTP REQUEST GET https://cloudfunctions.googleapis.com/v1/operations/ZGN0Yi1tYXJpby1wbGFuL3VzLWNlbnRyYWwxL3NlbmRUZXN0TWFpbC9qalVGZWpWdDl4aw  
 
[debug] [2018-10-22T14:55:51.556Z] <<< HTTP RESPONSE 200
[debug] [2018-10-22T14:55:51.562Z] >>> HTTP REQUEST GET https://cloudfunctions.googleapis.com/v1/operations/ZGN0Yi1tYXJpby1wbGFuL3VzLWNlbnRyYWwxL3VzZXJKb2luZWQvT3RnZEU3S2dEMnc  
 
[debug] [2018-10-22T14:55:51.733Z] <<< HTTP RESPONSE 200
[debug] [2018-10-22T14:55:52.246Z] <<< HTTP RESPONSE 200
[debug] [2018-10-22T14:55:52.738Z] <<< HTTP RESPONSE 200
[debug] [2018-10-22T14:55:53.557Z] >>> HTTP REQUEST GET https://cloudfunctions.googleapis.com/v1/operations/ZGN0Yi1tYXJpby1wbGFuL3VzLWNlbnRyYWwxL2F4aW9zVGVzdC9lbHB5dTJURmNCWQ  
 
[debug] [2018-10-22T14:55:53.736Z] >>> HTTP REQUEST GET https://cloudfunctions.googleapis.com/v1/operations/ZGN0Yi1tYXJpby1wbGFuL3VzLWNlbnRyYWwxL3NlbmRUZXN0TWFpbC9qalVGZWpWdDl4aw  
 
[debug] [2018-10-22T14:55:53.866Z] <<< HTTP RESPONSE 200
[debug] [2018-10-22T14:55:54.251Z] >>> HTTP REQUEST GET https://cloudfunctions.googleapis.com/v1/operations/ZGN0Yi1tYXJpby1wbGFuL3VzLWNlbnRyYWwxL3Byb2plY3RDcmVhdGVkL2QxMXJGUlk5bExv  
 
[debug] [2018-10-22T14:55:54.543Z] <<< HTTP RESPONSE 200
[debug] [2018-10-22T14:55:54.744Z] >>> HTTP REQUEST GET https://cloudfunctions.googleapis.com/v1/operations/ZGN0Yi1tYXJpby1wbGFuL3VzLWNlbnRyYWwxL3VzZXJKb2luZWQvT3RnZEU3S2dEMnc  
 
[debug] [2018-10-22T14:55:54.887Z] <<< HTTP RESPONSE 200
[debug] [2018-10-22T14:55:55.187Z] <<< HTTP RESPONSE 200
[debug] [2018-10-22T14:55:55.869Z] >>> HTTP REQUEST GET https://cloudfunctions.googleapis.com/v1/operations/ZGN0Yi1tYXJpby1wbGFuL3VzLWNlbnRyYWwxL2F4aW9zVGVzdC9lbHB5dTJURmNCWQ  
 
[debug] [2018-10-22T14:55:56.545Z] >>> HTTP REQUEST GET https://cloudfunctions.googleapis.com/v1/operations/ZGN0Yi1tYXJpby1wbGFuL3VzLWNlbnRyYWwxL3Byb2plY3RDcmVhdGVkL2QxMXJGUlk5bExv  
 
[debug] [2018-10-22T14:55:56.890Z] >>> HTTP REQUEST GET https://cloudfunctions.googleapis.com/v1/operations/ZGN0Yi1tYXJpby1wbGFuL3VzLWNlbnRyYWwxL3NlbmRUZXN0TWFpbC9qalVGZWpWdDl4aw  
 
[debug] [2018-10-22T14:55:57.044Z] <<< HTTP RESPONSE 200
[debug] [2018-10-22T14:55:57.188Z] >>> HTTP REQUEST GET https://cloudfunctions.googleapis.com/v1/operations/ZGN0Yi1tYXJpby1wbGFuL3VzLWNlbnRyYWwxL3VzZXJKb2luZWQvT3RnZEU3S2dEMnc  
 
[debug] [2018-10-22T14:55:57.199Z] <<< HTTP RESPONSE 200
[debug] [2018-10-22T14:55:57.752Z] <<< HTTP RESPONSE 200
[debug] [2018-10-22T14:55:58.572Z] <<< HTTP RESPONSE 200
[debug] [2018-10-22T14:55:59.046Z] >>> HTTP REQUEST GET https://cloudfunctions.googleapis.com/v1/operations/ZGN0Yi1tYXJpby1wbGFuL3VzLWNlbnRyYWwxL2F4aW9zVGVzdC9lbHB5dTJURmNCWQ  
 
[debug] [2018-10-22T14:55:59.205Z] >>> HTTP REQUEST GET https://cloudfunctions.googleapis.com/v1/operations/ZGN0Yi1tYXJpby1wbGFuL3VzLWNlbnRyYWwxL3NlbmRUZXN0TWFpbC9qalVGZWpWdDl4aw  
 
[debug] [2018-10-22T14:55:59.753Z] >>> HTTP REQUEST GET https://cloudfunctions.googleapis.com/v1/operations/ZGN0Yi1tYXJpby1wbGFuL3VzLWNlbnRyYWwxL3Byb2plY3RDcmVhdGVkL2QxMXJGUlk5bExv  
 
[debug] [2018-10-22T14:56:00.257Z] <<< HTTP RESPONSE 200
[debug] [2018-10-22T14:56:00.529Z] <<< HTTP RESPONSE 200
[debug] [2018-10-22T14:56:00.573Z] >>> HTTP REQUEST GET https://cloudfunctions.googleapis.com/v1/operations/ZGN0Yi1tYXJpby1wbGFuL3VzLWNlbnRyYWwxL3VzZXJKb2luZWQvT3RnZEU3S2dEMnc  
 
[debug] [2018-10-22T14:56:00.946Z] <<< HTTP RESPONSE 200
[debug] [2018-10-22T14:56:01.731Z] <<< HTTP RESPONSE 200
[debug] [2018-10-22T14:56:02.258Z] >>> HTTP REQUEST GET https://cloudfunctions.googleapis.com/v1/operations/ZGN0Yi1tYXJpby1wbGFuL3VzLWNlbnRyYWwxL2F4aW9zVGVzdC9lbHB5dTJURmNCWQ  
 
[debug] [2018-10-22T14:56:02.531Z] >>> HTTP REQUEST GET https://cloudfunctions.googleapis.com/v1/operations/ZGN0Yi1tYXJpby1wbGFuL3VzLWNlbnRyYWwxL3NlbmRUZXN0TWFpbC9qalVGZWpWdDl4aw  
 
[debug] [2018-10-22T14:56:02.561Z] <<< HTTP RESPONSE 200
[debug] [2018-10-22T14:56:02.952Z] >>> HTTP REQUEST GET https://cloudfunctions.googleapis.com/v1/operations/ZGN0Yi1tYXJpby1wbGFuL3VzLWNlbnRyYWwxL3Byb2plY3RDcmVhdGVkL2QxMXJGUlk5bExv  
 
[debug] [2018-10-22T14:56:03.288Z] <<< HTTP RESPONSE 200
[debug] [2018-10-22T14:56:03.718Z] <<< HTTP RESPONSE 200
[debug] [2018-10-22T14:56:03.731Z] >>> HTTP REQUEST GET https://cloudfunctions.googleapis.com/v1/operations/ZGN0Yi1tYXJpby1wbGFuL3VzLWNlbnRyYWwxL3VzZXJKb2luZWQvT3RnZEU3S2dEMnc  
 
[debug] [2018-10-22T14:56:04.561Z] >>> HTTP REQUEST GET https://cloudfunctions.googleapis.com/v1/operations/ZGN0Yi1tYXJpby1wbGFuL3VzLWNlbnRyYWwxL2F4aW9zVGVzdC9lbHB5dTJURmNCWQ  
 
[debug] [2018-10-22T14:56:04.900Z] <<< HTTP RESPONSE 200
[debug] [2018-10-22T14:56:05.295Z] >>> HTTP REQUEST GET https://cloudfunctions.googleapis.com/v1/operations/ZGN0Yi1tYXJpby1wbGFuL3VzLWNlbnRyYWwxL3Byb2plY3RDcmVhdGVkL2QxMXJGUlk5bExv  
 
[debug] [2018-10-22T14:56:05.719Z] >>> HTTP REQUEST GET https://cloudfunctions.googleapis.com/v1/operations/ZGN0Yi1tYXJpby1wbGFuL3VzLWNlbnRyYWwxL3NlbmRUZXN0TWFpbC9qalVGZWpWdDl4aw  
 
[debug] [2018-10-22T14:56:05.752Z] <<< HTTP RESPONSE 200
[debug] [2018-10-22T14:56:06.025Z] <<< HTTP RESPONSE 200
[debug] [2018-10-22T14:56:06.484Z] <<< HTTP RESPONSE 200
[debug] [2018-10-22T14:56:06.904Z] >>> HTTP REQUEST GET https://cloudfunctions.googleapis.com/v1/operations/ZGN0Yi1tYXJpby1wbGFuL3VzLWNlbnRyYWwxL3VzZXJKb2luZWQvT3RnZEU3S2dEMnc  
 
[debug] [2018-10-22T14:56:07.753Z] >>> HTTP REQUEST GET https://cloudfunctions.googleapis.com/v1/operations/ZGN0Yi1tYXJpby1wbGFuL3VzLWNlbnRyYWwxL2F4aW9zVGVzdC9lbHB5dTJURmNCWQ  
 
[debug] [2018-10-22T14:56:08.029Z] >>> HTTP REQUEST GET https://cloudfunctions.googleapis.com/v1/operations/ZGN0Yi1tYXJpby1wbGFuL3VzLWNlbnRyYWwxL3NlbmRUZXN0TWFpbC9qalVGZWpWdDl4aw  
 
[debug] [2018-10-22T14:56:08.060Z] <<< HTTP RESPONSE 200
[debug] [2018-10-22T14:56:08.348Z] <<< HTTP RESPONSE 200
[debug] [2018-10-22T14:56:08.485Z] >>> HTTP REQUEST GET https://cloudfunctions.googleapis.com/v1/operations/ZGN0Yi1tYXJpby1wbGFuL3VzLWNlbnRyYWwxL3Byb2plY3RDcmVhdGVkL2QxMXJGUlk5bExv  
 
[debug] [2018-10-22T14:56:08.816Z] <<< HTTP RESPONSE 200
[debug] [2018-10-22T14:56:08.937Z] <<< HTTP RESPONSE 200
[debug] [2018-10-22T14:56:10.062Z] >>> HTTP REQUEST GET https://cloudfunctions.googleapis.com/v1/operations/ZGN0Yi1tYXJpby1wbGFuL3VzLWNlbnRyYWwxL3VzZXJKb2luZWQvT3RnZEU3S2dEMnc  
 
[debug] [2018-10-22T14:56:10.353Z] >>> HTTP REQUEST GET https://cloudfunctions.googleapis.com/v1/operations/ZGN0Yi1tYXJpby1wbGFuL3VzLWNlbnRyYWwxL3NlbmRUZXN0TWFpbC9qalVGZWpWdDl4aw  
 
[debug] [2018-10-22T14:56:10.817Z] >>> HTTP REQUEST GET https://cloudfunctions.googleapis.com/v1/operations/ZGN0Yi1tYXJpby1wbGFuL3VzLWNlbnRyYWwxL3Byb2plY3RDcmVhdGVkL2QxMXJGUlk5bExv  
 
[debug] [2018-10-22T14:56:10.938Z] >>> HTTP REQUEST GET https://cloudfunctions.googleapis.com/v1/operations/ZGN0Yi1tYXJpby1wbGFuL3VzLWNlbnRyYWwxL2F4aW9zVGVzdC9lbHB5dTJURmNCWQ  
 
[debug] [2018-10-22T14:56:11.239Z] <<< HTTP RESPONSE 200
[debug] [2018-10-22T14:56:11.539Z] <<< HTTP RESPONSE 200
[debug] [2018-10-22T14:56:11.971Z] <<< HTTP RESPONSE 200
[debug] [2018-10-22T14:56:12.159Z] <<< HTTP RESPONSE 200
[debug] [2018-10-22T14:56:13.243Z] >>> HTTP REQUEST GET https://cloudfunctions.googleapis.com/v1/operations/ZGN0Yi1tYXJpby1wbGFuL3VzLWNlbnRyYWwxL3VzZXJKb2luZWQvT3RnZEU3S2dEMnc  
 
[debug] [2018-10-22T14:56:13.544Z] >>> HTTP REQUEST GET https://cloudfunctions.googleapis.com/v1/operations/ZGN0Yi1tYXJpby1wbGFuL3VzLWNlbnRyYWwxL3NlbmRUZXN0TWFpbC9qalVGZWpWdDl4aw  
 
[debug] [2018-10-22T14:56:13.975Z] >>> HTTP REQUEST GET https://cloudfunctions.googleapis.com/v1/operations/ZGN0Yi1tYXJpby1wbGFuL3VzLWNlbnRyYWwxL3Byb2plY3RDcmVhdGVkL2QxMXJGUlk5bExv  
 
[debug] [2018-10-22T14:56:14.162Z] >>> HTTP REQUEST GET https://cloudfunctions.googleapis.com/v1/operations/ZGN0Yi1tYXJpby1wbGFuL3VzLWNlbnRyYWwxL2F4aW9zVGVzdC9lbHB5dTJURmNCWQ  
 
[debug] [2018-10-22T14:56:14.412Z] <<< HTTP RESPONSE 200
[debug] [2018-10-22T14:56:14.747Z] <<< HTTP RESPONSE 200
[debug] [2018-10-22T14:56:15.153Z] <<< HTTP RESPONSE 200
[debug] [2018-10-22T14:56:15.322Z] <<< HTTP RESPONSE 200
[debug] [2018-10-22T14:56:16.412Z] >>> HTTP REQUEST GET https://cloudfunctions.googleapis.com/v1/operations/ZGN0Yi1tYXJpby1wbGFuL3VzLWNlbnRyYWwxL3VzZXJKb2luZWQvT3RnZEU3S2dEMnc  
 
[debug] [2018-10-22T14:56:16.751Z] >>> HTTP REQUEST GET https://cloudfunctions.googleapis.com/v1/operations/ZGN0Yi1tYXJpby1wbGFuL3VzLWNlbnRyYWwxL3NlbmRUZXN0TWFpbC9qalVGZWpWdDl4aw  
 
[debug] [2018-10-22T14:56:17.154Z] >>> HTTP REQUEST GET https://cloudfunctions.googleapis.com/v1/operations/ZGN0Yi1tYXJpby1wbGFuL3VzLWNlbnRyYWwxL3Byb2plY3RDcmVhdGVkL2QxMXJGUlk5bExv  
 
[debug] [2018-10-22T14:56:17.325Z] >>> HTTP REQUEST GET https://cloudfunctions.googleapis.com/v1/operations/ZGN0Yi1tYXJpby1wbGFuL3VzLWNlbnRyYWwxL2F4aW9zVGVzdC9lbHB5dTJURmNCWQ  
 
[debug] [2018-10-22T14:56:17.587Z] <<< HTTP RESPONSE 200
[debug] [2018-10-22T14:56:18.028Z] <<< HTTP RESPONSE 200
[debug] [2018-10-22T14:56:18.315Z] <<< HTTP RESPONSE 200
[debug] [2018-10-22T14:56:18.526Z] <<< HTTP RESPONSE 200
[debug] [2018-10-22T14:56:19.592Z] >>> HTTP REQUEST GET https://cloudfunctions.googleapis.com/v1/operations/ZGN0Yi1tYXJpby1wbGFuL3VzLWNlbnRyYWwxL3VzZXJKb2luZWQvT3RnZEU3S2dEMnc  
 
[debug] [2018-10-22T14:56:20.029Z] >>> HTTP REQUEST GET https://cloudfunctions.googleapis.com/v1/operations/ZGN0Yi1tYXJpby1wbGFuL3VzLWNlbnRyYWwxL3NlbmRUZXN0TWFpbC9qalVGZWpWdDl4aw  
 
[debug] [2018-10-22T14:56:20.319Z] >>> HTTP REQUEST GET https://cloudfunctions.googleapis.com/v1/operations/ZGN0Yi1tYXJpby1wbGFuL3VzLWNlbnRyYWwxL3Byb2plY3RDcmVhdGVkL2QxMXJGUlk5bExv  
 
[debug] [2018-10-22T14:56:20.335Z] <<< HTTP RESPONSE 200
[debug] [2018-10-22T14:56:20.529Z] >>> HTTP REQUEST GET https://cloudfunctions.googleapis.com/v1/operations/ZGN0Yi1tYXJpby1wbGFuL3VzLWNlbnRyYWwxL2F4aW9zVGVzdC9lbHB5dTJURmNCWQ  
 
[debug] [2018-10-22T14:56:20.779Z] <<< HTTP RESPONSE 200
[debug] [2018-10-22T14:56:21.491Z] <<< HTTP RESPONSE 200
[debug] [2018-10-22T14:56:21.702Z] <<< HTTP RESPONSE 200
[debug] [2018-10-22T14:56:22.337Z] >>> HTTP REQUEST GET https://cloudfunctions.googleapis.com/v1/operations/ZGN0Yi1tYXJpby1wbGFuL3VzLWNlbnRyYWwxL3NlbmRUZXN0TWFpbC9qalVGZWpWdDl4aw  
 
[debug] [2018-10-22T14:56:22.782Z] >>> HTTP REQUEST GET https://cloudfunctions.googleapis.com/v1/operations/ZGN0Yi1tYXJpby1wbGFuL3VzLWNlbnRyYWwxL3VzZXJKb2luZWQvT3RnZEU3S2dEMnc  
 
[debug] [2018-10-22T14:56:23.490Z] >>> HTTP REQUEST GET https://cloudfunctions.googleapis.com/v1/operations/ZGN0Yi1tYXJpby1wbGFuL3VzLWNlbnRyYWwxL3Byb2plY3RDcmVhdGVkL2QxMXJGUlk5bExv  
 
[debug] [2018-10-22T14:56:23.577Z] <<< HTTP RESPONSE 200
[debug] [2018-10-22T14:56:23.703Z] >>> HTTP REQUEST GET https://cloudfunctions.googleapis.com/v1/operations/ZGN0Yi1tYXJpby1wbGFuL3VzLWNlbnRyYWwxL2F4aW9zVGVzdC9lbHB5dTJURmNCWQ  
 
[debug] [2018-10-22T14:56:23.779Z] <<< HTTP RESPONSE 200
[debug] [2018-10-22T14:56:23.970Z] <<< HTTP RESPONSE 200
[debug] [2018-10-22T14:56:24.878Z] <<< HTTP RESPONSE 200
[debug] [2018-10-22T14:56:25.579Z] >>> HTTP REQUEST GET https://cloudfunctions.googleapis.com/v1/operations/ZGN0Yi1tYXJpby1wbGFuL3VzLWNlbnRyYWwxL3NlbmRUZXN0TWFpbC9qalVGZWpWdDl4aw  
 
[debug] [2018-10-22T14:56:25.785Z] >>> HTTP REQUEST GET https://cloudfunctions.googleapis.com/v1/operations/ZGN0Yi1tYXJpby1wbGFuL3VzLWNlbnRyYWwxL3Byb2plY3RDcmVhdGVkL2QxMXJGUlk5bExv  
 
[debug] [2018-10-22T14:56:25.975Z] >>> HTTP REQUEST GET https://cloudfunctions.googleapis.com/v1/operations/ZGN0Yi1tYXJpby1wbGFuL3VzLWNlbnRyYWwxL3VzZXJKb2luZWQvT3RnZEU3S2dEMnc  
 
[debug] [2018-10-22T14:56:26.836Z] <<< HTTP RESPONSE 200
[debug] [2018-10-22T14:56:26.879Z] >>> HTTP REQUEST GET https://cloudfunctions.googleapis.com/v1/operations/ZGN0Yi1tYXJpby1wbGFuL3VzLWNlbnRyYWwxL2F4aW9zVGVzdC9lbHB5dTJURmNCWQ  
 
[debug] [2018-10-22T14:56:26.972Z] <<< HTTP RESPONSE 200
[debug] [2018-10-22T14:56:27.141Z] <<< HTTP RESPONSE 200
[debug] [2018-10-22T14:56:28.120Z] <<< HTTP RESPONSE 200
[debug] [2018-10-22T14:56:28.840Z] >>> HTTP REQUEST GET https://cloudfunctions.googleapis.com/v1/operations/ZGN0Yi1tYXJpby1wbGFuL3VzLWNlbnRyYWwxL3NlbmRUZXN0TWFpbC9qalVGZWpWdDl4aw  
 
[debug] [2018-10-22T14:56:28.975Z] >>> HTTP REQUEST GET https://cloudfunctions.googleapis.com/v1/operations/ZGN0Yi1tYXJpby1wbGFuL3VzLWNlbnRyYWwxL3Byb2plY3RDcmVhdGVkL2QxMXJGUlk5bExv  
 
[debug] [2018-10-22T14:56:29.131Z] <<< HTTP RESPONSE 200
[debug] [2018-10-22T14:56:29.142Z] >>> HTTP REQUEST GET https://cloudfunctions.googleapis.com/v1/operations/ZGN0Yi1tYXJpby1wbGFuL3VzLWNlbnRyYWwxL3VzZXJKb2luZWQvT3RnZEU3S2dEMnc  
 
[debug] [2018-10-22T14:56:29.450Z] <<< HTTP RESPONSE 200
[debug] [2018-10-22T14:56:30.124Z] >>> HTTP REQUEST GET https://cloudfunctions.googleapis.com/v1/operations/ZGN0Yi1tYXJpby1wbGFuL3VzLWNlbnRyYWwxL2F4aW9zVGVzdC9lbHB5dTJURmNCWQ  
 
[debug] [2018-10-22T14:56:30.189Z] <<< HTTP RESPONSE 200
[debug] [2018-10-22T14:56:31.134Z] >>> HTTP REQUEST GET https://cloudfunctions.googleapis.com/v1/operations/ZGN0Yi1tYXJpby1wbGFuL3VzLWNlbnRyYWwxL3NlbmRUZXN0TWFpbC9qalVGZWpWdDl4aw  
 
[debug] [2018-10-22T14:56:31.300Z] <<< HTTP RESPONSE 200
[debug] [2018-10-22T14:56:31.451Z] >>> HTTP REQUEST GET https://cloudfunctions.googleapis.com/v1/operations/ZGN0Yi1tYXJpby1wbGFuL3VzLWNlbnRyYWwxL3VzZXJKb2luZWQvT3RnZEU3S2dEMnc  
 
[debug] [2018-10-22T14:56:32.191Z] >>> HTTP REQUEST GET https://cloudfunctions.googleapis.com/v1/operations/ZGN0Yi1tYXJpby1wbGFuL3VzLWNlbnRyYWwxL3Byb2plY3RDcmVhdGVkL2QxMXJGUlk5bExv  
 
[debug] [2018-10-22T14:56:32.335Z] <<< HTTP RESPONSE 200
[debug] [2018-10-22T14:56:32.650Z] <<< HTTP RESPONSE 200
[debug] [2018-10-22T14:56:33.304Z] >>> HTTP REQUEST GET https://cloudfunctions.googleapis.com/v1/operations/ZGN0Yi1tYXJpby1wbGFuL3VzLWNlbnRyYWwxL2F4aW9zVGVzdC9lbHB5dTJURmNCWQ  
 
[debug] [2018-10-22T14:56:33.341Z] <<< HTTP RESPONSE 200
[debug] [2018-10-22T14:56:33.617Z] <<< HTTP RESPONSE 200
[info] ✔  functions[axiosTest(us-central1)]: Successful update operation. 
[debug] [2018-10-22T14:56:34.337Z] >>> HTTP REQUEST GET https://cloudfunctions.googleapis.com/v1/operations/ZGN0Yi1tYXJpby1wbGFuL3VzLWNlbnRyYWwxL3NlbmRUZXN0TWFpbC9qalVGZWpWdDl4aw  
 
[debug] [2018-10-22T14:56:34.655Z] >>> HTTP REQUEST GET https://cloudfunctions.googleapis.com/v1/operations/ZGN0Yi1tYXJpby1wbGFuL3VzLWNlbnRyYWwxL3VzZXJKb2luZWQvT3RnZEU3S2dEMnc  
 
[debug] [2018-10-22T14:56:35.340Z] >>> HTTP REQUEST GET https://cloudfunctions.googleapis.com/v1/operations/ZGN0Yi1tYXJpby1wbGFuL3VzLWNlbnRyYWwxL3Byb2plY3RDcmVhdGVkL2QxMXJGUlk5bExv  
 
[debug] [2018-10-22T14:56:35.493Z] <<< HTTP RESPONSE 200
[debug] [2018-10-22T14:56:35.636Z] <<< HTTP RESPONSE 200
[debug] [2018-10-22T14:56:35.846Z] <<< HTTP RESPONSE 200
[debug] [2018-10-22T14:56:37.493Z] >>> HTTP REQUEST GET https://cloudfunctions.googleapis.com/v1/operations/ZGN0Yi1tYXJpby1wbGFuL3VzLWNlbnRyYWwxL3NlbmRUZXN0TWFpbC9qalVGZWpWdDl4aw  
 
[debug] [2018-10-22T14:56:37.641Z] >>> HTTP REQUEST GET https://cloudfunctions.googleapis.com/v1/operations/ZGN0Yi1tYXJpby1wbGFuL3VzLWNlbnRyYWwxL3Byb2plY3RDcmVhdGVkL2QxMXJGUlk5bExv  
 
[debug] [2018-10-22T14:56:37.828Z] <<< HTTP RESPONSE 200
[debug] [2018-10-22T14:56:37.846Z] >>> HTTP REQUEST GET https://cloudfunctions.googleapis.com/v1/operations/ZGN0Yi1tYXJpby1wbGFuL3VzLWNlbnRyYWwxL3VzZXJKb2luZWQvT3RnZEU3S2dEMnc  
 
[debug] [2018-10-22T14:56:38.794Z] <<< HTTP RESPONSE 200
[debug] [2018-10-22T14:56:39.012Z] <<< HTTP RESPONSE 200
[debug] [2018-10-22T14:56:39.829Z] >>> HTTP REQUEST GET https://cloudfunctions.googleapis.com/v1/operations/ZGN0Yi1tYXJpby1wbGFuL3VzLWNlbnRyYWwxL3NlbmRUZXN0TWFpbC9qalVGZWpWdDl4aw  
 
[debug] [2018-10-22T14:56:40.795Z] >>> HTTP REQUEST GET https://cloudfunctions.googleapis.com/v1/operations/ZGN0Yi1tYXJpby1wbGFuL3VzLWNlbnRyYWwxL3Byb2plY3RDcmVhdGVkL2QxMXJGUlk5bExv  
 
[debug] [2018-10-22T14:56:41.006Z] <<< HTTP RESPONSE 200
[debug] [2018-10-22T14:56:41.013Z] >>> HTTP REQUEST GET https://cloudfunctions.googleapis.com/v1/operations/ZGN0Yi1tYXJpby1wbGFuL3VzLWNlbnRyYWwxL3VzZXJKb2luZWQvT3RnZEU3S2dEMnc  
 
[debug] [2018-10-22T14:56:41.127Z] <<< HTTP RESPONSE 200
[debug] [2018-10-22T14:56:42.195Z] <<< HTTP RESPONSE 200
[debug] [2018-10-22T14:56:43.009Z] >>> HTTP REQUEST GET https://cloudfunctions.googleapis.com/v1/operations/ZGN0Yi1tYXJpby1wbGFuL3VzLWNlbnRyYWwxL3NlbmRUZXN0TWFpbC9qalVGZWpWdDl4aw  
 
[debug] [2018-10-22T14:56:43.133Z] >>> HTTP REQUEST GET https://cloudfunctions.googleapis.com/v1/operations/ZGN0Yi1tYXJpby1wbGFuL3VzLWNlbnRyYWwxL3Byb2plY3RDcmVhdGVkL2QxMXJGUlk5bExv  
 
[debug] [2018-10-22T14:56:43.336Z] <<< HTTP RESPONSE 200
[info] ✔  functions[sendTestMail(us-central1)]: Successful update operation. 
[debug] [2018-10-22T14:56:44.196Z] >>> HTTP REQUEST GET https://cloudfunctions.googleapis.com/v1/operations/ZGN0Yi1tYXJpby1wbGFuL3VzLWNlbnRyYWwxL3VzZXJKb2luZWQvT3RnZEU3S2dEMnc  
 
[debug] [2018-10-22T14:56:44.309Z] <<< HTTP RESPONSE 200
[info] ✔  functions[projectCreated(us-central1)]: Successful update operation. 
[debug] [2018-10-22T14:56:44.503Z] <<< HTTP RESPONSE 200
[debug] [2018-10-22T14:56:46.507Z] >>> HTTP REQUEST GET https://cloudfunctions.googleapis.com/v1/operations/ZGN0Yi1tYXJpby1wbGFuL3VzLWNlbnRyYWwxL3VzZXJKb2luZWQvT3RnZEU3S2dEMnc  
 
[debug] [2018-10-22T14:56:47.677Z] <<< HTTP RESPONSE 200
[debug] [2018-10-22T14:56:49.680Z] >>> HTTP REQUEST GET https://cloudfunctions.googleapis.com/v1/operations/ZGN0Yi1tYXJpby1wbGFuL3VzLWNlbnRyYWwxL3VzZXJKb2luZWQvT3RnZEU3S2dEMnc  
 
[debug] [2018-10-22T14:56:50.867Z] <<< HTTP RESPONSE 200
[debug] [2018-10-22T14:56:52.871Z] >>> HTTP REQUEST GET https://cloudfunctions.googleapis.com/v1/operations/ZGN0Yi1tYXJpby1wbGFuL3VzLWNlbnRyYWwxL3VzZXJKb2luZWQvT3RnZEU3S2dEMnc  
 
[debug] [2018-10-22T14:56:54.085Z] <<< HTTP RESPONSE 200
